<?xml version="1.0" encoding="UTF-8"?>
<coverage generated="1548573115165" clover="3.2.0">
  <project timestamp="1548573115165" name="All files">
    <metrics statements="7" coveredstatements="7" conditionals="70" coveredconditionals="67" methods="58" coveredmethods="58" elements="135" coveredelements="132" complexity="0" loc="7" ncloc="7" packages="2" files="2" classes="2">
      <package name="dist">
        <metrics statements="1" coveredstatements="1" conditionals="68" coveredconditionals="65" methods="56" coveredmethods="56"/>
        <file name="mtevents.min.js" path="/Users/ranjayzheng/Desktop/workspace/mobile-events/dist/mtevents.min.js">
          <metrics statements="1" coveredstatements="1" conditionals="68" coveredconditionals="65" methods="56" coveredmethods="56"/>
          <line num="7" count="72" type="cond" truecount="65" falsecount="3"/>
        </file>
      </package>
      <package name="test.tools">
        <metrics statements="6" coveredstatements="6" conditionals="2" coveredconditionals="2" methods="2" coveredmethods="2"/>
        <file name="touch.js" path="/Users/ranjayzheng/Desktop/workspace/mobile-events/test/tools/touch.js">
          <metrics statements="6" coveredstatements="6" conditionals="2" coveredconditionals="2" methods="2" coveredmethods="2"/>
          <line num="12" count="73" type="stmt"/>
          <line num="24" count="76" type="cond" truecount="2" falsecount="0"/>
          <line num="25" count="50" type="stmt"/>
          <line num="27" count="76" type="stmt"/>
          <line num="28" count="76" type="stmt"/>
          <line num="32" count="1" type="stmt"/>
        </file>
      </package>
    </metrics>
  </project>
</coverage>
