<?xml version="1.0" encoding="UTF-8"?>
<coverage generated="1548572027092" clover="3.2.0">
  <project timestamp="1548572027092" name="All files">
    <metrics statements="7" coveredstatements="7" conditionals="70" coveredconditionals="38" methods="58" coveredmethods="42" elements="135" coveredelements="87" complexity="0" loc="7" ncloc="7" packages="2" files="2" classes="2">
      <package name="dist">
        <metrics statements="1" coveredstatements="1" conditionals="68" coveredconditionals="37" methods="56" coveredmethods="40"/>
        <file name="mtevents.min.js" path="/Users/ranjayzheng/Desktop/workspace/mobile-events/dist/mtevents.min.js">
          <metrics statements="1" coveredstatements="1" conditionals="68" coveredconditionals="37" methods="56" coveredmethods="40"/>
          <line num="7" count="54" type="cond" truecount="37" falsecount="31"/>
        </file>
      </package>
      <package name="test.tools">
        <metrics statements="6" coveredstatements="6" conditionals="2" coveredconditionals="1" methods="2" coveredmethods="2"/>
        <file name="touch.js" path="/Users/ranjayzheng/Desktop/workspace/mobile-events/test/tools/touch.js">
          <metrics statements="6" coveredstatements="6" conditionals="2" coveredconditionals="1" methods="2" coveredmethods="2"/>
          <line num="12" count="39" type="stmt"/>
          <line num="24" count="24" type="cond" truecount="1" falsecount="1"/>
          <line num="25" count="24" type="stmt"/>
          <line num="27" count="24" type="stmt"/>
          <line num="28" count="24" type="stmt"/>
          <line num="32" count="1" type="stmt"/>
        </file>
      </package>
    </metrics>
  </project>
</coverage>
