{"/Users/ranjayzheng/Desktop/workspace/mobile-events/dist/mtevents.min.js": {"path":"/Users/ranjayzheng/Desktop/workspace/mobile-events/dist/mtevents.min.js","statementMap":{"0":{"start":{"line":7,"column":0},"end":{"line":7,"column":5582}},"1":{"start":{"line":7,"column":15},"end":{"line":7,"column":75}},"2":{"start":{"line":7,"column":124},"end":{"line":7,"column":388}},"3":{"start":{"line":7,"column":172},"end":{"line":7,"column":327}},"4":{"start":{"line":7,"column":188},"end":{"line":7,"column":206}},"5":{"start":{"line":7,"column":194},"end":{"line":7,"column":206}},"6":{"start":{"line":7,"column":206},"end":{"line":7,"column":298}},"7":{"start":{"line":7,"column":262},"end":{"line":7,"column":283}},"8":{"start":{"line":7,"column":274},"end":{"line":7,"column":283}},"9":{"start":{"line":7,"column":283},"end":{"line":7,"column":297}},"10":{"start":{"line":7,"column":298},"end":{"line":7,"column":309}},"11":{"start":{"line":7,"column":328},"end":{"line":7,"column":385}},"12":{"start":{"line":7,"column":340},"end":{"line":7,"column":385}},"13":{"start":{"line":7,"column":413},"end":{"line":7,"column":424}},"14":{"start":{"line":7,"column":425},"end":{"line":7,"column":466}},"15":{"start":{"line":7,"column":473},"end":{"line":7,"column":526}},"16":{"start":{"line":7,"column":485},"end":{"line":7,"column":525}},"17":{"start":{"line":7,"column":527},"end":{"line":7,"column":821}},"18":{"start":{"line":7,"column":566},"end":{"line":7,"column":595}},"19":{"start":{"line":7,"column":596},"end":{"line":7,"column":684}},"20":{"start":{"line":7,"column":627},"end":{"line":7,"column":655}},"21":{"start":{"line":7,"column":719},"end":{"line":7,"column":819}},"22":{"start":{"line":7,"column":783},"end":{"line":7,"column":815}},"23":{"start":{"line":7,"column":827},"end":{"line":7,"column":854}},"24":{"start":{"line":7,"column":838},"end":{"line":7,"column":853}},"25":{"start":{"line":7,"column":855},"end":{"line":7,"column":1070}},"26":{"start":{"line":7,"column":902},"end":{"line":7,"column":906}},"27":{"start":{"line":7,"column":907},"end":{"line":7,"column":992}},"28":{"start":{"line":7,"column":940},"end":{"line":7,"column":988}},"29":{"start":{"line":7,"column":1028},"end":{"line":7,"column":1068}},"30":{"start":{"line":7,"column":1076},"end":{"line":7,"column":1110}},"31":{"start":{"line":7,"column":1087},"end":{"line":7,"column":1109}},"32":{"start":{"line":7,"column":1131},"end":{"line":7,"column":1180}},"33":{"start":{"line":7,"column":1181},"end":{"line":7,"column":1435}},"34":{"start":{"line":7,"column":1224},"end":{"line":7,"column":1263}},"35":{"start":{"line":7,"column":1311},"end":{"line":7,"column":1315}},"36":{"start":{"line":7,"column":1316},"end":{"line":7,"column":1433}},"37":{"start":{"line":7,"column":1364},"end":{"line":7,"column":1383}},"38":{"start":{"line":7,"column":1386},"end":{"line":7,"column":1389}},"39":{"start":{"line":7,"column":1392},"end":{"line":7,"column":1395}},"40":{"start":{"line":7,"column":1396},"end":{"line":7,"column":1431}},"41":{"start":{"line":7,"column":1441},"end":{"line":7,"column":4283}},"42":{"start":{"line":7,"column":1456},"end":{"line":7,"column":4282}},"43":{"start":{"line":7,"column":1504},"end":{"line":7,"column":1509}},"44":{"start":{"line":7,"column":1512},"end":{"line":7,"column":1517}},"45":{"start":{"line":7,"column":1518},"end":{"line":7,"column":1882}},"46":{"start":{"line":7,"column":1548},"end":{"line":7,"column":1714}},"47":{"start":{"line":7,"column":1671},"end":{"line":7,"column":1712}},"48":{"start":{"line":7,"column":1737},"end":{"line":7,"column":1866}},"49":{"start":{"line":7,"column":1755},"end":{"line":7,"column":1793}},"50":{"start":{"line":7,"column":1796},"end":{"line":7,"column":1809}},"51":{"start":{"line":7,"column":1812},"end":{"line":7,"column":1825}},"52":{"start":{"line":7,"column":1826},"end":{"line":7,"column":1865}},"53":{"start":{"line":7,"column":1866},"end":{"line":7,"column":1880}},"54":{"start":{"line":7,"column":1938},"end":{"line":7,"column":1943}},"55":{"start":{"line":7,"column":1946},"end":{"line":7,"column":1951}},"56":{"start":{"line":7,"column":1952},"end":{"line":7,"column":2265}},"57":{"start":{"line":7,"column":1982},"end":{"line":7,"column":2094}},"58":{"start":{"line":7,"column":2117},"end":{"line":7,"column":2249}},"59":{"start":{"line":7,"column":2136},"end":{"line":7,"column":2174}},"60":{"start":{"line":7,"column":2177},"end":{"line":7,"column":2190}},"61":{"start":{"line":7,"column":2193},"end":{"line":7,"column":2206}},"62":{"start":{"line":7,"column":2207},"end":{"line":7,"column":2248}},"63":{"start":{"line":7,"column":2249},"end":{"line":7,"column":2263}},"64":{"start":{"line":7,"column":2319},"end":{"line":7,"column":2324}},"65":{"start":{"line":7,"column":2327},"end":{"line":7,"column":2332}},"66":{"start":{"line":7,"column":2333},"end":{"line":7,"column":2660}},"67":{"start":{"line":7,"column":2361},"end":{"line":7,"column":2658}},"68":{"start":{"line":7,"column":2373},"end":{"line":7,"column":2388}},"69":{"start":{"line":7,"column":2394},"end":{"line":7,"column":2432}},"70":{"start":{"line":7,"column":2435},"end":{"line":7,"column":2448}},"71":{"start":{"line":7,"column":2451},"end":{"line":7,"column":2464}},"72":{"start":{"line":7,"column":2465},"end":{"line":7,"column":2506}},"73":{"start":{"line":7,"column":2512},"end":{"line":7,"column":2658}},"74":{"start":{"line":7,"column":2630},"end":{"line":7,"column":2656}},"75":{"start":{"line":7,"column":2714},"end":{"line":7,"column":2719}},"76":{"start":{"line":7,"column":2720},"end":{"line":7,"column":2904}},"77":{"start":{"line":7,"column":2750},"end":{"line":7,"column":2821}},"78":{"start":{"line":7,"column":2844},"end":{"line":7,"column":2902}},"79":{"start":{"line":7,"column":2957},"end":{"line":7,"column":2962}},"80":{"start":{"line":7,"column":2963},"end":{"line":7,"column":3232}},"81":{"start":{"line":7,"column":2993},"end":{"line":7,"column":3064}},"82":{"start":{"line":7,"column":3088},"end":{"line":7,"column":3230}},"83":{"start":{"line":7,"column":3286},"end":{"line":7,"column":3287}},"84":{"start":{"line":7,"column":3290},"end":{"line":7,"column":3295}},"85":{"start":{"line":7,"column":3296},"end":{"line":7,"column":3669}},"86":{"start":{"line":7,"column":3325},"end":{"line":7,"column":3641}},"87":{"start":{"line":7,"column":3409},"end":{"line":7,"column":3549}},"88":{"start":{"line":7,"column":3421},"end":{"line":7,"column":3507}},"89":{"start":{"line":7,"column":3510},"end":{"line":7,"column":3533}},"90":{"start":{"line":7,"column":3534},"end":{"line":7,"column":3548}},"91":{"start":{"line":7,"column":3664},"end":{"line":7,"column":3667}},"92":{"start":{"line":7,"column":3724},"end":{"line":7,"column":3728}},"93":{"start":{"line":7,"column":3731},"end":{"line":7,"column":3736}},"94":{"start":{"line":7,"column":3737},"end":{"line":7,"column":4279}},"95":{"start":{"line":7,"column":3766},"end":{"line":7,"column":4248}},"96":{"start":{"line":7,"column":3831},"end":{"line":7,"column":4215}},"97":{"start":{"line":7,"column":3843},"end":{"line":7,"column":3855}},"98":{"start":{"line":7,"column":3858},"end":{"line":7,"column":3870}},"99":{"start":{"line":7,"column":3873},"end":{"line":7,"column":3893}},"100":{"start":{"line":7,"column":3896},"end":{"line":7,"column":3916}},"101":{"start":{"line":7,"column":3919},"end":{"line":7,"column":3931}},"102":{"start":{"line":7,"column":3934},"end":{"line":7,"column":3946}},"103":{"start":{"line":7,"column":3949},"end":{"line":7,"column":3969}},"104":{"start":{"line":7,"column":3972},"end":{"line":7,"column":3992}},"105":{"start":{"line":7,"column":3995},"end":{"line":7,"column":4005}},"106":{"start":{"line":7,"column":4008},"end":{"line":7,"column":4018}},"107":{"start":{"line":7,"column":4021},"end":{"line":7,"column":4044}},"108":{"start":{"line":7,"column":4047},"end":{"line":7,"column":4115}},"109":{"start":{"line":7,"column":4116},"end":{"line":7,"column":4214}},"110":{"start":{"line":7,"column":4271},"end":{"line":7,"column":4277}},"111":{"start":{"line":7,"column":4286},"end":{"line":7,"column":4331}},"112":{"start":{"line":7,"column":4297},"end":{"line":7,"column":4330}},"113":{"start":{"line":7,"column":4332},"end":{"line":7,"column":5443}},"114":{"start":{"line":7,"column":4373},"end":{"line":7,"column":4377}},"115":{"start":{"line":7,"column":4378},"end":{"line":7,"column":4476}},"116":{"start":{"line":7,"column":4400},"end":{"line":7,"column":4476}},"117":{"start":{"line":7,"column":4444},"end":{"line":7,"column":4471}},"118":{"start":{"line":7,"column":4476},"end":{"line":7,"column":4592}},"119":{"start":{"line":7,"column":4521},"end":{"line":7,"column":4592}},"120":{"start":{"line":7,"column":4565},"end":{"line":7,"column":4587}},"121":{"start":{"line":7,"column":4592},"end":{"line":7,"column":4667}},"122":{"start":{"line":7,"column":4636},"end":{"line":7,"column":4667}},"123":{"start":{"line":7,"column":4673},"end":{"line":7,"column":4711}},"124":{"start":{"line":7,"column":4712},"end":{"line":7,"column":4801}},"125":{"start":{"line":7,"column":4844},"end":{"line":7,"column":4848}},"126":{"start":{"line":7,"column":4849},"end":{"line":7,"column":5059}},"127":{"start":{"line":7,"column":4945},"end":{"line":7,"column":4960}},"128":{"start":{"line":7,"column":5103},"end":{"line":7,"column":5158}},"129":{"start":{"line":7,"column":5144},"end":{"line":7,"column":5156}},"130":{"start":{"line":7,"column":5206},"end":{"line":7,"column":5358}},"131":{"start":{"line":7,"column":5260},"end":{"line":7,"column":5358}},"132":{"start":{"line":7,"column":5358},"end":{"line":7,"column":5366}},"133":{"start":{"line":7,"column":5404},"end":{"line":7,"column":5441}},"134":{"start":{"line":7,"column":5449},"end":{"line":7,"column":5454}},"135":{"start":{"line":7,"column":5457},"end":{"line":7,"column":5483}},"136":{"start":{"line":7,"column":5486},"end":{"line":7,"column":5500}},"137":{"start":{"line":7,"column":5501},"end":{"line":7,"column":5579}},"138":{"start":{"line":7,"column":5566},"end":{"line":7,"column":5575}}},"fnMap":{"0":{"name":"(anonymous_0)","decl":{"start":{"line":7,"column":1},"end":{"line":7,"column":2}},"loc":{"start":{"line":7,"column":14},"end":{"line":7,"column":76}},"line":7},"1":{"name":"(anonymous_1)","decl":{"start":{"line":7,"column":82},"end":{"line":7,"column":83}},"loc":{"start":{"line":7,"column":92},"end":{"line":7,"column":5580}},"line":7},"2":{"name":"c","decl":{"start":{"line":7,"column":115},"end":{"line":7,"column":116}},"loc":{"start":{"line":7,"column":123},"end":{"line":7,"column":389}},"line":7},"3":{"name":"(anonymous_3)","decl":{"start":{"line":7,"column":150},"end":{"line":7,"column":151}},"loc":{"start":{"line":7,"column":165},"end":{"line":7,"column":386}},"line":7},"4":{"name":"(anonymous_4)","decl":{"start":{"line":7,"column":172},"end":{"line":7,"column":173}},"loc":{"start":{"line":7,"column":187},"end":{"line":7,"column":310}},"line":7},"5":{"name":"u","decl":{"start":{"line":7,"column":398},"end":{"line":7,"column":399}},"loc":{"start":{"line":7,"column":406},"end":{"line":7,"column":467}},"line":7},"6":{"name":"(anonymous_6)","decl":{"start":{"line":7,"column":473},"end":{"line":7,"column":474}},"loc":{"start":{"line":7,"column":484},"end":{"line":7,"column":526}},"line":7},"7":{"name":"(anonymous_7)","decl":{"start":{"line":7,"column":544},"end":{"line":7,"column":545}},"loc":{"start":{"line":7,"column":559},"end":{"line":7,"column":685}},"line":7},"8":{"name":"(anonymous_8)","decl":{"start":{"line":7,"column":615},"end":{"line":7,"column":616}},"loc":{"start":{"line":7,"column":626},"end":{"line":7,"column":656}},"line":7},"9":{"name":"(anonymous_9)","decl":{"start":{"line":7,"column":705},"end":{"line":7,"column":706}},"loc":{"start":{"line":7,"column":718},"end":{"line":7,"column":820}},"line":7},"10":{"name":"(anonymous_10)","decl":{"start":{"line":7,"column":771},"end":{"line":7,"column":772}},"loc":{"start":{"line":7,"column":782},"end":{"line":7,"column":816}},"line":7},"11":{"name":"(anonymous_11)","decl":{"start":{"line":7,"column":827},"end":{"line":7,"column":828}},"loc":{"start":{"line":7,"column":837},"end":{"line":7,"column":854}},"line":7},"12":{"name":"(anonymous_12)","decl":{"start":{"line":7,"column":882},"end":{"line":7,"column":883}},"loc":{"start":{"line":7,"column":895},"end":{"line":7,"column":993}},"line":7},"13":{"name":"(anonymous_13)","decl":{"start":{"line":7,"column":929},"end":{"line":7,"column":930}},"loc":{"start":{"line":7,"column":939},"end":{"line":7,"column":989}},"line":7},"14":{"name":"(anonymous_14)","decl":{"start":{"line":7,"column":1017},"end":{"line":7,"column":1018}},"loc":{"start":{"line":7,"column":1027},"end":{"line":7,"column":1069}},"line":7},"15":{"name":"(anonymous_15)","decl":{"start":{"line":7,"column":1076},"end":{"line":7,"column":1077}},"loc":{"start":{"line":7,"column":1086},"end":{"line":7,"column":1110}},"line":7},"16":{"name":"d","decl":{"start":{"line":7,"column":1120},"end":{"line":7,"column":1121}},"loc":{"start":{"line":7,"column":1130},"end":{"line":7,"column":1181}},"line":7},"17":{"name":"(anonymous_17)","decl":{"start":{"line":7,"column":1212},"end":{"line":7,"column":1213}},"loc":{"start":{"line":7,"column":1223},"end":{"line":7,"column":1264}},"line":7},"18":{"name":"(anonymous_18)","decl":{"start":{"line":7,"column":1293},"end":{"line":7,"column":1294}},"loc":{"start":{"line":7,"column":1304},"end":{"line":7,"column":1434}},"line":7},"19":{"name":"(anonymous_19)","decl":{"start":{"line":7,"column":1344},"end":{"line":7,"column":1345}},"loc":{"start":{"line":7,"column":1357},"end":{"line":7,"column":1432}},"line":7},"20":{"name":"(anonymous_20)","decl":{"start":{"line":7,"column":1445},"end":{"line":7,"column":1446}},"loc":{"start":{"line":7,"column":1455},"end":{"line":7,"column":4283}},"line":7},"21":{"name":"(anonymous_21)","decl":{"start":{"line":7,"column":1486},"end":{"line":7,"column":1487}},"loc":{"start":{"line":7,"column":1497},"end":{"line":7,"column":1883}},"line":7},"22":{"name":"(anonymous_22)","decl":{"start":{"line":7,"column":1536},"end":{"line":7,"column":1537}},"loc":{"start":{"line":7,"column":1547},"end":{"line":7,"column":1715}},"line":7},"23":{"name":"(anonymous_23)","decl":{"start":{"line":7,"column":1660},"end":{"line":7,"column":1661}},"loc":{"start":{"line":7,"column":1670},"end":{"line":7,"column":1713}},"line":7},"24":{"name":"(anonymous_24)","decl":{"start":{"line":7,"column":1725},"end":{"line":7,"column":1726}},"loc":{"start":{"line":7,"column":1736},"end":{"line":7,"column":1881}},"line":7},"25":{"name":"(anonymous_25)","decl":{"start":{"line":7,"column":1920},"end":{"line":7,"column":1921}},"loc":{"start":{"line":7,"column":1931},"end":{"line":7,"column":2266}},"line":7},"26":{"name":"(anonymous_26)","decl":{"start":{"line":7,"column":1970},"end":{"line":7,"column":1971}},"loc":{"start":{"line":7,"column":1981},"end":{"line":7,"column":2095}},"line":7},"27":{"name":"(anonymous_27)","decl":{"start":{"line":7,"column":2105},"end":{"line":7,"column":2106}},"loc":{"start":{"line":7,"column":2116},"end":{"line":7,"column":2264}},"line":7},"28":{"name":"(anonymous_28)","decl":{"start":{"line":7,"column":2301},"end":{"line":7,"column":2302}},"loc":{"start":{"line":7,"column":2312},"end":{"line":7,"column":2661}},"line":7},"29":{"name":"(anonymous_29)","decl":{"start":{"line":7,"column":2349},"end":{"line":7,"column":2350}},"loc":{"start":{"line":7,"column":2360},"end":{"line":7,"column":2659}},"line":7},"30":{"name":"(anonymous_30)","decl":{"start":{"line":7,"column":2619},"end":{"line":7,"column":2620}},"loc":{"start":{"line":7,"column":2629},"end":{"line":7,"column":2657}},"line":7},"31":{"name":"(anonymous_31)","decl":{"start":{"line":7,"column":2696},"end":{"line":7,"column":2697}},"loc":{"start":{"line":7,"column":2707},"end":{"line":7,"column":2905}},"line":7},"32":{"name":"(anonymous_32)","decl":{"start":{"line":7,"column":2738},"end":{"line":7,"column":2739}},"loc":{"start":{"line":7,"column":2749},"end":{"line":7,"column":2822}},"line":7},"33":{"name":"(anonymous_33)","decl":{"start":{"line":7,"column":2832},"end":{"line":7,"column":2833}},"loc":{"start":{"line":7,"column":2843},"end":{"line":7,"column":2903}},"line":7},"34":{"name":"(anonymous_34)","decl":{"start":{"line":7,"column":2939},"end":{"line":7,"column":2940}},"loc":{"start":{"line":7,"column":2950},"end":{"line":7,"column":3233}},"line":7},"35":{"name":"(anonymous_35)","decl":{"start":{"line":7,"column":2981},"end":{"line":7,"column":2982}},"loc":{"start":{"line":7,"column":2992},"end":{"line":7,"column":3065}},"line":7},"36":{"name":"(anonymous_36)","decl":{"start":{"line":7,"column":3076},"end":{"line":7,"column":3077}},"loc":{"start":{"line":7,"column":3087},"end":{"line":7,"column":3231}},"line":7},"37":{"name":"(anonymous_37)","decl":{"start":{"line":7,"column":3268},"end":{"line":7,"column":3269}},"loc":{"start":{"line":7,"column":3279},"end":{"line":7,"column":3670}},"line":7},"38":{"name":"(anonymous_38)","decl":{"start":{"line":7,"column":3313},"end":{"line":7,"column":3314}},"loc":{"start":{"line":7,"column":3324},"end":{"line":7,"column":3642}},"line":7},"39":{"name":"(anonymous_39)","decl":{"start":{"line":7,"column":3398},"end":{"line":7,"column":3399}},"loc":{"start":{"line":7,"column":3408},"end":{"line":7,"column":3550}},"line":7},"40":{"name":"(anonymous_40)","decl":{"start":{"line":7,"column":3652},"end":{"line":7,"column":3653}},"loc":{"start":{"line":7,"column":3663},"end":{"line":7,"column":3668}},"line":7},"41":{"name":"(anonymous_41)","decl":{"start":{"line":7,"column":3706},"end":{"line":7,"column":3707}},"loc":{"start":{"line":7,"column":3717},"end":{"line":7,"column":4280}},"line":7},"42":{"name":"(anonymous_42)","decl":{"start":{"line":7,"column":3754},"end":{"line":7,"column":3755}},"loc":{"start":{"line":7,"column":3765},"end":{"line":7,"column":4249}},"line":7},"43":{"name":"(anonymous_43)","decl":{"start":{"line":7,"column":3820},"end":{"line":7,"column":3821}},"loc":{"start":{"line":7,"column":3830},"end":{"line":7,"column":4216}},"line":7},"44":{"name":"(anonymous_44)","decl":{"start":{"line":7,"column":4259},"end":{"line":7,"column":4260}},"loc":{"start":{"line":7,"column":4270},"end":{"line":7,"column":4278}},"line":7},"45":{"name":"(anonymous_45)","decl":{"start":{"line":7,"column":4286},"end":{"line":7,"column":4287}},"loc":{"start":{"line":7,"column":4296},"end":{"line":7,"column":4331}},"line":7},"46":{"name":"(anonymous_46)","decl":{"start":{"line":7,"column":4349},"end":{"line":7,"column":4350}},"loc":{"start":{"line":7,"column":4366},"end":{"line":7,"column":4802}},"line":7},"47":{"name":"(anonymous_47)","decl":{"start":{"line":7,"column":4430},"end":{"line":7,"column":4431}},"loc":{"start":{"line":7,"column":4443},"end":{"line":7,"column":4472}},"line":7},"48":{"name":"(anonymous_48)","decl":{"start":{"line":7,"column":4551},"end":{"line":7,"column":4552}},"loc":{"start":{"line":7,"column":4564},"end":{"line":7,"column":4588}},"line":7},"49":{"name":"(anonymous_49)","decl":{"start":{"line":7,"column":4822},"end":{"line":7,"column":4823}},"loc":{"start":{"line":7,"column":4837},"end":{"line":7,"column":5060}},"line":7},"50":{"name":"(anonymous_50)","decl":{"start":{"line":7,"column":4931},"end":{"line":7,"column":4932}},"loc":{"start":{"line":7,"column":4944},"end":{"line":7,"column":4961}},"line":7},"51":{"name":"(anonymous_51)","decl":{"start":{"line":7,"column":5089},"end":{"line":7,"column":5090}},"loc":{"start":{"line":7,"column":5102},"end":{"line":7,"column":5159}},"line":7},"52":{"name":"(anonymous_52)","decl":{"start":{"line":7,"column":5132},"end":{"line":7,"column":5133}},"loc":{"start":{"line":7,"column":5143},"end":{"line":7,"column":5157}},"line":7},"53":{"name":"(anonymous_53)","decl":{"start":{"line":7,"column":5194},"end":{"line":7,"column":5195}},"loc":{"start":{"line":7,"column":5205},"end":{"line":7,"column":5367}},"line":7},"54":{"name":"(anonymous_54)","decl":{"start":{"line":7,"column":5392},"end":{"line":7,"column":5393}},"loc":{"start":{"line":7,"column":5403},"end":{"line":7,"column":5442}},"line":7},"55":{"name":"(anonymous_55)","decl":{"start":{"line":7,"column":5554},"end":{"line":7,"column":5555}},"loc":{"start":{"line":7,"column":5565},"end":{"line":7,"column":5576}},"line":7}},"branchMap":{"0":{"loc":{"start":{"line":7,"column":15},"end":{"line":7,"column":75}},"type":"cond-expr","locations":[{"start":{"line":7,"column":42},"end":{"line":7,"column":56}},{"start":{"line":7,"column":57},"end":{"line":7,"column":75}}],"line":7},"1":{"loc":{"start":{"line":7,"column":188},"end":{"line":7,"column":206}},"type":"if","locations":[{"start":{"line":7,"column":188},"end":{"line":7,"column":206}},{"start":{"line":7,"column":188},"end":{"line":7,"column":206}}],"line":7},"2":{"loc":{"start":{"line":7,"column":262},"end":{"line":7,"column":283}},"type":"if","locations":[{"start":{"line":7,"column":262},"end":{"line":7,"column":283}},{"start":{"line":7,"column":262},"end":{"line":7,"column":283}}],"line":7},"3":{"loc":{"start":{"line":7,"column":328},"end":{"line":7,"column":385}},"type":"if","locations":[{"start":{"line":7,"column":328},"end":{"line":7,"column":385}},{"start":{"line":7,"column":328},"end":{"line":7,"column":385}}],"line":7},"4":{"loc":{"start":{"line":7,"column":331},"end":{"line":7,"column":339}},"type":"binary-expr","locations":[{"start":{"line":7,"column":331},"end":{"line":7,"column":332}},{"start":{"line":7,"column":334},"end":{"line":7,"column":335}},{"start":{"line":7,"column":337},"end":{"line":7,"column":339}}],"line":7},"5":{"loc":{"start":{"line":7,"column":982},"end":{"line":7,"column":988}},"type":"binary-expr","locations":[{"start":{"line":7,"column":982},"end":{"line":7,"column":983}},{"start":{"line":7,"column":985},"end":{"line":7,"column":988}}],"line":7},"6":{"loc":{"start":{"line":7,"column":1737},"end":{"line":7,"column":1866}},"type":"if","locations":[{"start":{"line":7,"column":1737},"end":{"line":7,"column":1866}},{"start":{"line":7,"column":1737},"end":{"line":7,"column":1866}}],"line":7},"7":{"loc":{"start":{"line":7,"column":1826},"end":{"line":7,"column":1865}},"type":"binary-expr","locations":[{"start":{"line":7,"column":1826},"end":{"line":7,"column":1831}},{"start":{"line":7,"column":1833},"end":{"line":7,"column":1838}},{"start":{"line":7,"column":1841},"end":{"line":7,"column":1864}}],"line":7},"8":{"loc":{"start":{"line":7,"column":2117},"end":{"line":7,"column":2249}},"type":"if","locations":[{"start":{"line":7,"column":2117},"end":{"line":7,"column":2249}},{"start":{"line":7,"column":2117},"end":{"line":7,"column":2249}}],"line":7},"9":{"loc":{"start":{"line":7,"column":2207},"end":{"line":7,"column":2248}},"type":"binary-expr","locations":[{"start":{"line":7,"column":2207},"end":{"line":7,"column":2213}},{"start":{"line":7,"column":2215},"end":{"line":7,"column":2221}},{"start":{"line":7,"column":2224},"end":{"line":7,"column":2247}}],"line":7},"10":{"loc":{"start":{"line":7,"column":2361},"end":{"line":7,"column":2658}},"type":"if","locations":[{"start":{"line":7,"column":2361},"end":{"line":7,"column":2658}},{"start":{"line":7,"column":2361},"end":{"line":7,"column":2658}}],"line":7},"11":{"loc":{"start":{"line":7,"column":2465},"end":{"line":7,"column":2506}},"type":"binary-expr","locations":[{"start":{"line":7,"column":2465},"end":{"line":7,"column":2471}},{"start":{"line":7,"column":2473},"end":{"line":7,"column":2479}},{"start":{"line":7,"column":2482},"end":{"line":7,"column":2505}}],"line":7},"12":{"loc":{"start":{"line":7,"column":3344},"end":{"line":7,"column":3641}},"type":"binary-expr","locations":[{"start":{"line":7,"column":3344},"end":{"line":7,"column":3364}},{"start":{"line":7,"column":3367},"end":{"line":7,"column":3640}}],"line":7},"13":{"loc":{"start":{"line":7,"column":3367},"end":{"line":7,"column":3640}},"type":"cond-expr","locations":[{"start":{"line":7,"column":3369},"end":{"line":7,"column":3551}},{"start":{"line":7,"column":3552},"end":{"line":7,"column":3640}}],"line":7},"14":{"loc":{"start":{"line":7,"column":3369},"end":{"line":7,"column":3551}},"type":"binary-expr","locations":[{"start":{"line":7,"column":3369},"end":{"line":7,"column":3376}},{"start":{"line":7,"column":3378},"end":{"line":7,"column":3551}}],"line":7},"15":{"loc":{"start":{"line":7,"column":3409},"end":{"line":7,"column":3549}},"type":"if","locations":[{"start":{"line":7,"column":3409},"end":{"line":7,"column":3549}},{"start":{"line":7,"column":3409},"end":{"line":7,"column":3549}}],"line":7},"16":{"loc":{"start":{"line":7,"column":3766},"end":{"line":7,"column":4248}},"type":"binary-expr","locations":[{"start":{"line":7,"column":3766},"end":{"line":7,"column":3786}},{"start":{"line":7,"column":3789},"end":{"line":7,"column":4247}}],"line":7},"17":{"loc":{"start":{"line":7,"column":3789},"end":{"line":7,"column":4247}},"type":"cond-expr","locations":[{"start":{"line":7,"column":3791},"end":{"line":7,"column":4217}},{"start":{"line":7,"column":4218},"end":{"line":7,"column":4247}}],"line":7},"18":{"loc":{"start":{"line":7,"column":3791},"end":{"line":7,"column":4217}},"type":"binary-expr","locations":[{"start":{"line":7,"column":3791},"end":{"line":7,"column":3798}},{"start":{"line":7,"column":3800},"end":{"line":7,"column":4217}}],"line":7},"19":{"loc":{"start":{"line":7,"column":3831},"end":{"line":7,"column":4215}},"type":"if","locations":[{"start":{"line":7,"column":3831},"end":{"line":7,"column":4215}},{"start":{"line":7,"column":3831},"end":{"line":7,"column":4215}}],"line":7},"20":{"loc":{"start":{"line":7,"column":4116},"end":{"line":7,"column":4198}},"type":"cond-expr","locations":[{"start":{"line":7,"column":4121},"end":{"line":7,"column":4157}},{"start":{"line":7,"column":4159},"end":{"line":7,"column":4198}}],"line":7},"21":{"loc":{"start":{"line":7,"column":4159},"end":{"line":7,"column":4198}},"type":"binary-expr","locations":[{"start":{"line":7,"column":4159},"end":{"line":7,"column":4162}},{"start":{"line":7,"column":4165},"end":{"line":7,"column":4197}}],"line":7},"22":{"loc":{"start":{"line":7,"column":4378},"end":{"line":7,"column":4476}},"type":"if","locations":[{"start":{"line":7,"column":4378},"end":{"line":7,"column":4476}},{"start":{"line":7,"column":4378},"end":{"line":7,"column":4476}}],"line":7},"23":{"loc":{"start":{"line":7,"column":4476},"end":{"line":7,"column":4592}},"type":"if","locations":[{"start":{"line":7,"column":4476},"end":{"line":7,"column":4592}},{"start":{"line":7,"column":4476},"end":{"line":7,"column":4592}}],"line":7},"24":{"loc":{"start":{"line":7,"column":4481},"end":{"line":7,"column":4519}},"type":"binary-expr","locations":[{"start":{"line":7,"column":4481},"end":{"line":7,"column":4499}},{"start":{"line":7,"column":4501},"end":{"line":7,"column":4519}}],"line":7},"25":{"loc":{"start":{"line":7,"column":4592},"end":{"line":7,"column":4667}},"type":"if","locations":[{"start":{"line":7,"column":4592},"end":{"line":7,"column":4667}},{"start":{"line":7,"column":4592},"end":{"line":7,"column":4667}}],"line":7},"26":{"loc":{"start":{"line":7,"column":4595},"end":{"line":7,"column":4635}},"type":"binary-expr","locations":[{"start":{"line":7,"column":4595},"end":{"line":7,"column":4615}},{"start":{"line":7,"column":4617},"end":{"line":7,"column":4635}}],"line":7},"27":{"loc":{"start":{"line":7,"column":4754},"end":{"line":7,"column":4799}},"type":"cond-expr","locations":[{"start":{"line":7,"column":4774},"end":{"line":7,"column":4790}},{"start":{"line":7,"column":4791},"end":{"line":7,"column":4799}}],"line":7},"28":{"loc":{"start":{"line":7,"column":4888},"end":{"line":7,"column":4962}},"type":"binary-expr","locations":[{"start":{"line":7,"column":4888},"end":{"line":7,"column":4906}},{"start":{"line":7,"column":4908},"end":{"line":7,"column":4962}}],"line":7},"29":{"loc":{"start":{"line":7,"column":4963},"end":{"line":7,"column":5057}},"type":"cond-expr","locations":[{"start":{"line":7,"column":4983},"end":{"line":7,"column":4999}},{"start":{"line":7,"column":5000},"end":{"line":7,"column":5057}}],"line":7},"30":{"loc":{"start":{"line":7,"column":5206},"end":{"line":7,"column":5358}},"type":"if","locations":[{"start":{"line":7,"column":5206},"end":{"line":7,"column":5358}},{"start":{"line":7,"column":5206},"end":{"line":7,"column":5358}}],"line":7},"31":{"loc":{"start":{"line":7,"column":5209},"end":{"line":7,"column":5259}},"type":"binary-expr","locations":[{"start":{"line":7,"column":5209},"end":{"line":7,"column":5227}},{"start":{"line":7,"column":5229},"end":{"line":7,"column":5259}}],"line":7}},"s":{"0":1,"1":1,"2":54,"3":23,"4":23,"5":7,"6":16,"7":16,"8":8,"9":8,"10":8,"11":23,"12":15,"13":37,"14":37,"15":1,"16":7,"17":1,"18":17,"19":17,"20":30,"21":1,"22":2,"23":1,"24":15,"25":1,"26":5,"27":5,"28":2,"29":3,"30":1,"31":14,"32":0,"33":1,"34":7,"35":3,"36":3,"37":3,"38":3,"39":3,"40":3,"41":1,"42":1,"43":5,"44":5,"45":5,"46":0,"47":0,"48":0,"49":0,"50":0,"51":0,"52":0,"53":0,"54":3,"55":3,"56":3,"57":0,"58":0,"59":0,"60":0,"61":0,"62":0,"63":0,"64":4,"65":4,"66":4,"67":8,"68":3,"69":3,"70":3,"71":3,"72":3,"73":5,"74":2,"75":1,"76":1,"77":0,"78":0,"79":1,"80":1,"81":0,"82":0,"83":1,"84":1,"85":1,"86":0,"87":0,"88":0,"89":0,"90":0,"91":0,"92":2,"93":2,"94":2,"95":0,"96":0,"97":0,"98":0,"99":0,"100":0,"101":0,"102":0,"103":0,"104":0,"105":0,"106":0,"107":0,"108":0,"109":0,"110":0,"111":1,"112":1,"113":1,"114":43,"115":43,"116":2,"117":2,"118":41,"119":1,"120":1,"121":40,"122":16,"123":24,"124":24,"125":4,"126":4,"127":1,"128":4,"129":4,"130":29,"131":1,"132":28,"133":28,"134":1,"135":1,"136":1,"137":1,"138":1},"f":{"0":1,"1":1,"2":54,"3":23,"4":23,"5":37,"6":7,"7":17,"8":30,"9":1,"10":2,"11":15,"12":5,"13":2,"14":3,"15":14,"16":0,"17":7,"18":3,"19":3,"20":1,"21":5,"22":0,"23":0,"24":0,"25":3,"26":0,"27":0,"28":4,"29":8,"30":2,"31":1,"32":0,"33":0,"34":1,"35":0,"36":0,"37":1,"38":0,"39":0,"40":0,"41":2,"42":0,"43":0,"44":0,"45":1,"46":43,"47":2,"48":1,"49":4,"50":1,"51":4,"52":4,"53":29,"54":28,"55":1},"b":{"0":[0,1],"1":[7,16],"2":[8,8],"3":[15,8],"4":[23,16,15],"5":[2,2],"6":[0,0],"7":[0,0,0],"8":[0,0],"9":[0,0,0],"10":[3,5],"11":[3,3,3],"12":[0,0],"13":[0,0],"14":[0,0],"15":[0,0],"16":[0,0],"17":[0,0],"18":[0,0],"19":[0,0],"20":[0,0],"21":[0,0],"22":[2,41],"23":[1,40],"24":[41,41],"25":[16,24],"26":[40,24],"27":[17,7],"28":[4,1],"29":[1,3],"30":[1,28],"31":[29,6]},"_coverageSchema":"332fd63041d2c1bcb487cc26dd0d5f7d97098a6c","hash":"c590caf75cd25c2ee3e88d57d5391c699d72e60c"}
,"/Users/ranjayzheng/Desktop/workspace/mobile-events/test/tools/touch.js": {"path":"/Users/ranjayzheng/Desktop/workspace/mobile-events/test/tools/touch.js","statementMap":{"0":{"start":{"line":12,"column":4},"end":{"line":15,"column":6}},"1":{"start":{"line":24,"column":4},"end":{"line":26,"column":5}},"2":{"start":{"line":25,"column":6},"end":{"line":25,"column":55}},"3":{"start":{"line":27,"column":4},"end":{"line":27,"column":36}},"4":{"start":{"line":28,"column":4},"end":{"line":28,"column":22}},"5":{"start":{"line":32,"column":0},"end":{"line":32,"column":28}}},"fnMap":{"0":{"name":"(anonymous_0)","decl":{"start":{"line":11,"column":2},"end":{"line":11,"column":3}},"loc":{"start":{"line":11,"column":25},"end":{"line":16,"column":3}},"line":11},"1":{"name":"(anonymous_1)","decl":{"start":{"line":23,"column":2},"end":{"line":23,"column":3}},"loc":{"start":{"line":23,"column":41},"end":{"line":29,"column":3}},"line":23}},"branchMap":{"0":{"loc":{"start":{"line":24,"column":4},"end":{"line":26,"column":5}},"type":"if","locations":[{"start":{"line":24,"column":4},"end":{"line":26,"column":5}},{"start":{"line":24,"column":4},"end":{"line":26,"column":5}}],"line":24}},"s":{"0":39,"1":24,"2":24,"3":24,"4":24,"5":1},"f":{"0":39,"1":24},"b":{"0":[24,0]},"_coverageSchema":"332fd63041d2c1bcb487cc26dd0d5f7d97098a6c","hash":"49eb6f88cc469941eafc48416b803e626830606a"}
}
