TN:
SF:/Users/ranjayzheng/Desktop/workspace/mobile-events/dist/mtevents.min.js
FN:7,(anonymous_0)
FN:7,(anonymous_1)
FN:7,c
FN:7,(anonymous_3)
FN:7,(anonymous_4)
FN:7,u
FN:7,(anonymous_6)
FN:7,(anonymous_7)
FN:7,(anonymous_8)
FN:7,(anonymous_9)
FN:7,(anonymous_10)
FN:7,(anonymous_11)
FN:7,(anonymous_12)
FN:7,(anonymous_13)
FN:7,(anonymous_14)
FN:7,(anonymous_15)
FN:7,d
FN:7,(anonymous_17)
FN:7,(anonymous_18)
FN:7,(anonymous_19)
FN:7,(anonymous_20)
FN:7,(anonymous_21)
FN:7,(anonymous_22)
FN:7,(anonymous_23)
FN:7,(anonymous_24)
FN:7,(anonymous_25)
FN:7,(anonymous_26)
FN:7,(anonymous_27)
FN:7,(anonymous_28)
FN:7,(anonymous_29)
FN:7,(anonymous_30)
FN:7,(anonymous_31)
FN:7,(anonymous_32)
FN:7,(anonymous_33)
FN:7,(anonymous_34)
FN:7,(anonymous_35)
FN:7,(anonymous_36)
FN:7,(anonymous_37)
FN:7,(anonymous_38)
FN:7,(anonymous_39)
FN:7,(anonymous_40)
FN:7,(anonymous_41)
FN:7,(anonymous_42)
FN:7,(anonymous_43)
FN:7,(anonymous_44)
FN:7,(anonymous_45)
FN:7,(anonymous_46)
FN:7,(anonymous_47)
FN:7,(anonymous_48)
FN:7,(anonymous_49)
FN:7,(anonymous_50)
FN:7,(anonymous_51)
FN:7,(anonymous_52)
FN:7,(anonymous_53)
FN:7,(anonymous_54)
FN:7,(anonymous_55)
FNF:56
FNH:40
FNDA:1,(anonymous_0)
FNDA:1,(anonymous_1)
FNDA:54,c
FNDA:23,(anonymous_3)
FNDA:23,(anonymous_4)
FNDA:37,u
FNDA:7,(anonymous_6)
FNDA:17,(anonymous_7)
FNDA:30,(anonymous_8)
FNDA:1,(anonymous_9)
FNDA:2,(anonymous_10)
FNDA:15,(anonymous_11)
FNDA:5,(anonymous_12)
FNDA:2,(anonymous_13)
FNDA:3,(anonymous_14)
FNDA:14,(anonymous_15)
FNDA:0,d
FNDA:7,(anonymous_17)
FNDA:3,(anonymous_18)
FNDA:3,(anonymous_19)
FNDA:1,(anonymous_20)
FNDA:5,(anonymous_21)
FNDA:0,(anonymous_22)
FNDA:0,(anonymous_23)
FNDA:0,(anonymous_24)
FNDA:3,(anonymous_25)
FNDA:0,(anonymous_26)
FNDA:0,(anonymous_27)
FNDA:4,(anonymous_28)
FNDA:8,(anonymous_29)
FNDA:2,(anonymous_30)
FNDA:1,(anonymous_31)
FNDA:0,(anonymous_32)
FNDA:0,(anonymous_33)
FNDA:1,(anonymous_34)
FNDA:0,(anonymous_35)
FNDA:0,(anonymous_36)
FNDA:1,(anonymous_37)
FNDA:0,(anonymous_38)
FNDA:0,(anonymous_39)
FNDA:0,(anonymous_40)
FNDA:2,(anonymous_41)
FNDA:0,(anonymous_42)
FNDA:0,(anonymous_43)
FNDA:0,(anonymous_44)
FNDA:1,(anonymous_45)
FNDA:43,(anonymous_46)
FNDA:2,(anonymous_47)
FNDA:1,(anonymous_48)
FNDA:4,(anonymous_49)
FNDA:1,(anonymous_50)
FNDA:4,(anonymous_51)
FNDA:4,(anonymous_52)
FNDA:29,(anonymous_53)
FNDA:28,(anonymous_54)
FNDA:1,(anonymous_55)
DA:7,54
LF:1
LH:1
BRDA:7,0,0,0
BRDA:7,0,1,1
BRDA:7,1,0,7
BRDA:7,1,1,16
BRDA:7,2,0,8
BRDA:7,2,1,8
BRDA:7,3,0,15
BRDA:7,3,1,8
BRDA:7,4,0,23
BRDA:7,4,1,16
BRDA:7,4,2,15
BRDA:7,5,0,2
BRDA:7,5,1,2
BRDA:7,6,0,0
BRDA:7,6,1,0
BRDA:7,7,0,0
BRDA:7,7,1,0
BRDA:7,7,2,0
BRDA:7,8,0,0
BRDA:7,8,1,0
BRDA:7,9,0,0
BRDA:7,9,1,0
BRDA:7,9,2,0
BRDA:7,10,0,3
BRDA:7,10,1,5
BRDA:7,11,0,3
BRDA:7,11,1,3
BRDA:7,11,2,3
BRDA:7,12,0,0
BRDA:7,12,1,0
BRDA:7,13,0,0
BRDA:7,13,1,0
BRDA:7,14,0,0
BRDA:7,14,1,0
BRDA:7,15,0,0
BRDA:7,15,1,0
BRDA:7,16,0,0
BRDA:7,16,1,0
BRDA:7,17,0,0
BRDA:7,17,1,0
BRDA:7,18,0,0
BRDA:7,18,1,0
BRDA:7,19,0,0
BRDA:7,19,1,0
BRDA:7,20,0,0
BRDA:7,20,1,0
BRDA:7,21,0,0
BRDA:7,21,1,0
BRDA:7,22,0,2
BRDA:7,22,1,41
BRDA:7,23,0,1
BRDA:7,23,1,40
BRDA:7,24,0,41
BRDA:7,24,1,41
BRDA:7,25,0,16
BRDA:7,25,1,24
BRDA:7,26,0,40
BRDA:7,26,1,24
BRDA:7,27,0,17
BRDA:7,27,1,7
BRDA:7,28,0,4
BRDA:7,28,1,1
BRDA:7,29,0,1
BRDA:7,29,1,3
BRDA:7,30,0,1
BRDA:7,30,1,28
BRDA:7,31,0,29
BRDA:7,31,1,6
BRF:68
BRH:37
end_of_record
TN:
SF:/Users/ranjayzheng/Desktop/workspace/mobile-events/test/tools/touch.js
FN:11,(anonymous_0)
FN:23,(anonymous_1)
FNF:2
FNH:2
FNDA:39,(anonymous_0)
FNDA:24,(anonymous_1)
DA:12,39
DA:24,24
DA:25,24
DA:27,24
DA:28,24
DA:32,1
LF:6
LH:6
BRDA:24,0,0,24
BRDA:24,0,1,0
BRF:2
BRH:1
end_of_record
