<?xml version="1.0" encoding="UTF-8"?>
<coverage generated="1535270182193" clover="3.2.0">
  <project timestamp="1535270182193" name="All files">
    <metrics statements="217" coveredstatements="217" conditionals="67" coveredconditionals="60" methods="55" coveredmethods="55" elements="339" coveredelements="332" complexity="0" loc="217" ncloc="217" packages="3" files="8" classes="8">
      <package name="lib">
        <metrics statements="166" coveredstatements="166" conditionals="54" coveredconditionals="47" methods="37" coveredmethods="37"/>
        <file name="events.js" path="/Users/ranjayzheng/Desktop/mobile-events/lib/events.js">
          <metrics statements="121" coveredstatements="121" conditionals="34" coveredconditionals="27" methods="26" coveredmethods="26"/>
          <line num="1" count="1" type="stmt"/>
          <line num="2" count="1" type="stmt"/>
          <line num="3" count="1" type="stmt"/>
          <line num="6" count="6" type="stmt"/>
          <line num="22" count="1" type="stmt"/>
          <line num="24" count="5" type="stmt"/>
          <line num="25" count="5" type="stmt"/>
          <line num="26" count="5" type="stmt"/>
          <line num="28" count="5" type="stmt"/>
          <line num="29" count="5" type="stmt"/>
          <line num="33" count="5" type="stmt"/>
          <line num="34" count="1" type="stmt"/>
          <line num="35" count="1" type="stmt"/>
          <line num="39" count="5" type="cond" truecount="2" falsecount="0"/>
          <line num="40" count="4" type="stmt"/>
          <line num="41" count="4" type="stmt"/>
          <line num="42" count="4" type="stmt"/>
          <line num="43" count="4" type="cond" truecount="4" falsecount="0"/>
          <line num="44" count="3" type="stmt"/>
          <line num="45" count="3" type="stmt"/>
          <line num="48" count="5" type="stmt"/>
          <line num="56" count="1" type="stmt"/>
          <line num="58" count="3" type="stmt"/>
          <line num="59" count="3" type="stmt"/>
          <line num="60" count="3" type="stmt"/>
          <line num="62" count="4" type="stmt"/>
          <line num="67" count="4" type="stmt"/>
          <line num="70" count="4" type="cond" truecount="2" falsecount="0"/>
          <line num="76" count="3" type="stmt"/>
          <line num="79" count="4" type="stmt"/>
          <line num="87" count="1" type="stmt"/>
          <line num="89" count="4" type="stmt"/>
          <line num="92" count="4" type="stmt"/>
          <line num="94" count="9" type="cond" truecount="2" falsecount="0"/>
          <line num="95" count="4" type="stmt"/>
          <line num="96" count="4" type="stmt"/>
          <line num="97" count="4" type="stmt"/>
          <line num="98" count="4" type="stmt"/>
          <line num="99" count="4" type="stmt"/>
          <line num="100" count="4" type="cond" truecount="4" falsecount="0"/>
          <line num="101" count="3" type="stmt"/>
          <line num="102" count="3" type="stmt"/>
          <line num="104" count="1" type="stmt"/>
          <line num="107" count="5" type="stmt"/>
          <line num="108" count="5" type="stmt"/>
          <line num="109" count="5" type="stmt"/>
          <line num="110" count="1" type="stmt"/>
          <line num="111" count="1" type="stmt"/>
          <line num="118" count="1" type="stmt"/>
          <line num="120" count="1" type="stmt"/>
          <line num="121" count="1" type="stmt"/>
          <line num="123" count="1" type="stmt"/>
          <line num="132" count="1" type="stmt"/>
          <line num="133" count="1" type="stmt"/>
          <line num="134" count="1" type="stmt"/>
          <line num="135" count="1" type="stmt"/>
          <line num="136" count="1" type="stmt"/>
          <line num="137" count="1" type="stmt"/>
          <line num="141" count="1" type="stmt"/>
          <line num="146" count="1" type="stmt"/>
          <line num="148" count="1" type="stmt"/>
          <line num="149" count="1" type="stmt"/>
          <line num="151" count="1" type="stmt"/>
          <line num="157" count="1" type="stmt"/>
          <line num="161" count="1" type="stmt"/>
          <line num="162" count="1" type="stmt"/>
          <line num="163" count="1" type="stmt"/>
          <line num="164" count="1" type="stmt"/>
          <line num="165" count="1" type="stmt"/>
          <line num="166" count="1" type="stmt"/>
          <line num="170" count="1" type="stmt"/>
          <line num="174" count="1" type="stmt"/>
          <line num="179" count="1" type="stmt"/>
          <line num="181" count="1" type="stmt"/>
          <line num="182" count="1" type="stmt"/>
          <line num="183" count="1" type="stmt"/>
          <line num="185" count="2" type="stmt"/>
          <line num="186" count="2" type="cond" truecount="1" falsecount="1"/>
          <line num="187" count="2" type="cond" truecount="2" falsecount="0"/>
          <line num="188" count="1" type="stmt"/>
          <line num="194" count="1" type="cond" truecount="1" falsecount="1"/>
          <line num="195" count="1" type="stmt"/>
          <line num="196" count="1" type="cond" truecount="1" falsecount="1"/>
          <line num="197" count="1" type="stmt"/>
          <line num="205" count="1" type="stmt"/>
          <line num="207" count="1" type="stmt"/>
          <line num="208" count="1" type="stmt"/>
          <line num="214" count="1" type="stmt"/>
          <line num="219" count="1" type="stmt"/>
          <line num="221" count="2" type="stmt"/>
          <line num="222" count="2" type="stmt"/>
          <line num="223" count="2" type="stmt"/>
          <line num="225" count="4" type="cond" truecount="1" falsecount="1"/>
          <line num="226" count="4" type="cond" truecount="2" falsecount="0"/>
          <line num="227" count="2" type="stmt"/>
          <line num="228" count="2" type="cond" truecount="1" falsecount="1"/>
          <line num="229" count="2" type="stmt"/>
          <line num="230" count="2" type="cond" truecount="1" falsecount="1"/>
          <line num="231" count="2" type="stmt"/>
          <line num="232" count="2" type="stmt"/>
          <line num="233" count="2" type="stmt"/>
          <line num="234" count="2" type="stmt"/>
          <line num="235" count="2" type="stmt"/>
          <line num="236" count="2" type="stmt"/>
          <line num="237" count="2" type="stmt"/>
          <line num="238" count="2" type="stmt"/>
          <line num="239" count="2" type="stmt"/>
          <line num="245" count="2" type="stmt"/>
          <line num="252" count="2" type="stmt"/>
          <line num="261" count="2" type="stmt"/>
          <line num="263" count="2" type="stmt"/>
          <line num="266" count="2" type="cond" truecount="2" falsecount="0"/>
          <line num="267" count="1" type="stmt"/>
          <line num="268" count="1" type="stmt"/>
          <line num="269" count="1" type="cond" truecount="1" falsecount="1"/>
          <line num="270" count="1" type="stmt"/>
          <line num="271" count="1" type="stmt"/>
          <line num="273" count="2" type="stmt"/>
          <line num="274" count="2" type="stmt"/>
          <line num="280" count="1" type="stmt"/>
          <line num="288" count="1" type="stmt"/>
        </file>
        <file name="index-npm.js" path="/Users/ranjayzheng/Desktop/mobile-events/lib/index-npm.js">
          <metrics statements="45" coveredstatements="45" conditionals="20" coveredconditionals="20" methods="11" coveredmethods="11"/>
          <line num="3" count="1" type="stmt"/>
          <line num="4" count="1" type="stmt"/>
          <line num="5" count="1" type="stmt"/>
          <line num="13" count="1" type="stmt"/>
          <line num="46" count="43" type="cond" truecount="2" falsecount="0"/>
          <line num="47" count="2" type="stmt"/>
          <line num="48" count="2" type="stmt"/>
          <line num="50" count="2" type="stmt"/>
          <line num="51" count="41" type="cond" truecount="4" falsecount="0"/>
          <line num="52" count="1" type="stmt"/>
          <line num="53" count="1" type="stmt"/>
          <line num="55" count="1" type="stmt"/>
          <line num="56" count="40" type="cond" truecount="4" falsecount="0"/>
          <line num="57" count="16" type="stmt"/>
          <line num="59" count="24" type="stmt"/>
          <line num="60" count="24" type="stmt"/>
          <line num="65" count="24" type="stmt"/>
          <line num="66" count="24" type="cond" truecount="2" falsecount="0"/>
          <line num="67" count="7" type="stmt"/>
          <line num="69" count="17" type="stmt"/>
          <line num="71" count="24" type="stmt"/>
          <line num="84" count="4" type="stmt"/>
          <line num="85" count="4" type="cond" truecount="2" falsecount="0"/>
          <line num="86" count="1" type="stmt"/>
          <line num="87" count="1" type="stmt"/>
          <line num="90" count="4" type="cond" truecount="2" falsecount="0"/>
          <line num="91" count="3" type="stmt"/>
          <line num="96" count="1" type="stmt"/>
          <line num="98" count="4" type="stmt"/>
          <line num="106" count="4" type="stmt"/>
          <line num="107" count="4" type="stmt"/>
          <line num="116" count="29" type="cond" truecount="2" falsecount="0"/>
          <line num="117" count="6" type="stmt"/>
          <line num="118" count="6" type="cond" truecount="2" falsecount="0"/>
          <line num="119" count="1" type="stmt"/>
          <line num="124" count="28" type="stmt"/>
          <line num="132" count="28" type="stmt"/>
          <line num="133" count="28" type="stmt"/>
          <line num="137" count="1" type="stmt"/>
          <line num="138" count="1" type="stmt"/>
          <line num="139" count="1" type="stmt"/>
          <line num="140" count="1" type="stmt"/>
          <line num="141" count="1" type="stmt"/>
          <line num="142" count="1" type="stmt"/>
          <line num="146" count="1" type="stmt"/>
        </file>
      </package>
      <package name="lib.tools">
        <metrics statements="45" coveredstatements="45" conditionals="11" coveredconditionals="11" methods="16" coveredmethods="16"/>
        <file name="position.js" path="/Users/ranjayzheng/Desktop/mobile-events/lib/tools/position.js">
          <metrics statements="6" coveredstatements="6" conditionals="0" coveredconditionals="0" methods="4" coveredmethods="4"/>
          <line num="3" count="8" type="stmt"/>
          <line num="6" count="6" type="stmt"/>
          <line num="9" count="4" type="stmt"/>
          <line num="13" count="4" type="stmt"/>
          <line num="14" count="4" type="stmt"/>
          <line num="22" count="1" type="stmt"/>
        </file>
        <file name="proxy.js" path="/Users/ranjayzheng/Desktop/mobile-events/lib/tools/proxy.js">
          <metrics statements="13" coveredstatements="13" conditionals="9" coveredconditionals="9" methods="2" coveredmethods="2"/>
          <line num="9" count="66" type="cond" truecount="2" falsecount="0"/>
          <line num="10" count="36" type="stmt"/>
          <line num="11" count="36" type="stmt"/>
          <line num="12" count="34" type="cond" truecount="2" falsecount="0"/>
          <line num="13" count="16" type="stmt"/>
          <line num="15" count="18" type="stmt"/>
          <line num="18" count="20" type="stmt"/>
          <line num="30" count="54" type="stmt"/>
          <line num="32" count="66" type="stmt"/>
          <line num="33" count="66" type="cond" truecount="5" falsecount="0"/>
          <line num="34" count="46" type="stmt"/>
          <line num="38" count="54" type="stmt"/>
          <line num="41" count="1" type="stmt"/>
        </file>
        <file name="singleevent.js" path="/Users/ranjayzheng/Desktop/mobile-events/lib/tools/singleevent.js">
          <metrics statements="13" coveredstatements="13" conditionals="0" coveredconditionals="0" methods="5" coveredmethods="5"/>
          <line num="1" count="1" type="stmt"/>
          <line num="2" count="1" type="stmt"/>
          <line num="6" count="7" type="stmt"/>
          <line num="7" count="7" type="stmt"/>
          <line num="10" count="17" type="stmt"/>
          <line num="11" count="17" type="stmt"/>
          <line num="12" count="30" type="stmt"/>
          <line num="13" count="30" type="stmt"/>
          <line num="15" count="17" type="stmt"/>
          <line num="18" count="1" type="stmt"/>
          <line num="19" count="2" type="stmt"/>
          <line num="21" count="1" type="stmt"/>
          <line num="25" count="1" type="stmt"/>
        </file>
        <file name="timer.js" path="/Users/ranjayzheng/Desktop/mobile-events/lib/tools/timer.js">
          <metrics statements="8" coveredstatements="8" conditionals="2" coveredconditionals="2" methods="4" coveredmethods="4"/>
          <line num="3" count="15" type="stmt"/>
          <line num="6" count="17" type="stmt"/>
          <line num="7" count="8" type="stmt"/>
          <line num="8" count="8" type="stmt"/>
          <line num="9" count="8" type="cond" truecount="2" falsecount="0"/>
          <line num="13" count="14" type="stmt"/>
          <line num="14" count="14" type="stmt"/>
          <line num="18" count="1" type="stmt"/>
        </file>
        <file name="weakmap.js" path="/Users/ranjayzheng/Desktop/mobile-events/lib/tools/weakmap.js">
          <metrics statements="5" coveredstatements="5" conditionals="0" coveredconditionals="0" methods="1" coveredmethods="1"/>
          <line num="1" count="1" type="stmt"/>
          <line num="9" count="37" type="stmt"/>
          <line num="10" count="37" type="stmt"/>
          <line num="11" count="37" type="stmt"/>
          <line num="14" count="1" type="stmt"/>
        </file>
      </package>
      <package name="test.tools">
        <metrics statements="6" coveredstatements="6" conditionals="2" coveredconditionals="2" methods="2" coveredmethods="2"/>
        <file name="touch.js" path="/Users/ranjayzheng/Desktop/mobile-events/test/tools/touch.js">
          <metrics statements="6" coveredstatements="6" conditionals="2" coveredconditionals="2" methods="2" coveredmethods="2"/>
          <line num="12" count="67" type="stmt"/>
          <line num="24" count="70" type="cond" truecount="2" falsecount="0"/>
          <line num="25" count="48" type="stmt"/>
          <line num="27" count="70" type="stmt"/>
          <line num="28" count="70" type="stmt"/>
          <line num="32" count="1" type="stmt"/>
        </file>
      </package>
    </metrics>
  </project>
</coverage>
