<?xml version="1.0" encoding="UTF-8"?>
<coverage generated="1534160064020" clover="3.2.0">
  <project timestamp="1534160064020" name="All files">
    <metrics statements="187" coveredstatements="187" conditionals="61" coveredconditionals="61" methods="51" coveredmethods="51" elements="299" coveredelements="299" complexity="0" loc="187" ncloc="187" packages="2" files="5" classes="5">
      <package name="core">
        <metrics statements="6" coveredstatements="6" conditionals="2" coveredconditionals="2" methods="2" coveredmethods="2"/>
        <file name="touch.js" path="/Users/ranjayzheng/Desktop/mobile-events/core/touch.js">
          <metrics statements="6" coveredstatements="6" conditionals="2" coveredconditionals="2" methods="2" coveredmethods="2"/>
          <line num="12" count="100" type="stmt"/>
          <line num="24" count="100" type="cond" truecount="2" falsecount="0"/>
          <line num="25" count="80" type="stmt"/>
          <line num="27" count="100" type="stmt"/>
          <line num="28" count="100" type="stmt"/>
          <line num="32" count="1" type="stmt"/>
        </file>
      </package>
      <package name="lib">
        <metrics statements="181" coveredstatements="181" conditionals="59" coveredconditionals="59" methods="49" coveredmethods="49"/>
        <file name="events.js" path="/Users/ranjayzheng/Desktop/mobile-events/lib/events.js">
          <metrics statements="116" coveredstatements="116" conditionals="30" coveredconditionals="30" methods="33" coveredmethods="33"/>
          <line num="1" count="1" type="stmt"/>
          <line num="15" count="1" type="stmt"/>
          <line num="18" count="4" type="stmt"/>
          <line num="19" count="4" type="stmt"/>
          <line num="21" count="6" type="stmt"/>
          <line num="22" count="6" type="stmt"/>
          <line num="23" count="4" type="stmt"/>
          <line num="24" count="1" type="stmt"/>
          <line num="25" count="1" type="stmt"/>
          <line num="30" count="6" type="stmt"/>
          <line num="31" count="4" type="cond" truecount="2" falsecount="0"/>
          <line num="32" count="3" type="stmt"/>
          <line num="34" count="4" type="stmt"/>
          <line num="35" count="4" type="stmt"/>
          <line num="39" count="4" type="stmt"/>
          <line num="43" count="4" type="stmt"/>
          <line num="49" count="1" type="stmt"/>
          <line num="55" count="1" type="stmt"/>
          <line num="58" count="5" type="stmt"/>
          <line num="59" count="5" type="stmt"/>
          <line num="60" count="5" type="stmt"/>
          <line num="61" count="5" type="cond" truecount="2" falsecount="0"/>
          <line num="62" count="3" type="stmt"/>
          <line num="63" count="3" type="stmt"/>
          <line num="65" count="5" type="stmt"/>
          <line num="67" count="12" type="stmt"/>
          <line num="68" count="12" type="stmt"/>
          <line num="69" count="8" type="stmt"/>
          <line num="70" count="4" type="stmt"/>
          <line num="71" count="4" type="stmt"/>
          <line num="76" count="12" type="stmt"/>
          <line num="77" count="8" type="cond" truecount="2" falsecount="0"/>
          <line num="78" count="4" type="cond" truecount="2" falsecount="0"/>
          <line num="80" count="4" type="stmt"/>
          <line num="82" count="8" type="stmt"/>
          <line num="83" count="8" type="stmt"/>
          <line num="87" count="5" type="stmt"/>
          <line num="91" count="5" type="stmt"/>
          <line num="97" count="1" type="stmt"/>
          <line num="103" count="1" type="stmt"/>
          <line num="106" count="5" type="stmt"/>
          <line num="107" count="5" type="stmt"/>
          <line num="108" count="5" type="stmt"/>
          <line num="111" count="5" type="stmt"/>
          <line num="113" count="13" type="stmt"/>
          <line num="114" count="9" type="cond" truecount="2" falsecount="0"/>
          <line num="115" count="4" type="stmt"/>
          <line num="116" count="4" type="stmt"/>
          <line num="117" count="4" type="stmt"/>
          <line num="118" count="4" type="stmt"/>
          <line num="119" count="4" type="stmt"/>
          <line num="120" count="4" type="stmt"/>
          <line num="121" count="4" type="cond" truecount="4" falsecount="0"/>
          <line num="122" count="3" type="stmt"/>
          <line num="123" count="3" type="stmt"/>
          <line num="125" count="1" type="stmt"/>
          <line num="128" count="5" type="stmt"/>
          <line num="129" count="5" type="stmt"/>
          <line num="130" count="5" type="stmt"/>
          <line num="131" count="1" type="stmt"/>
          <line num="132" count="1" type="stmt"/>
          <line num="133" count="1" type="cond" truecount="2" falsecount="0"/>
          <line num="134" count="1" type="stmt"/>
          <line num="140" count="5" type="stmt"/>
          <line num="146" count="1" type="stmt"/>
          <line num="149" count="1" type="stmt"/>
          <line num="152" count="6" type="stmt"/>
          <line num="154" count="6" type="stmt"/>
          <line num="155" count="6" type="stmt"/>
          <line num="162" count="6" type="stmt"/>
          <line num="163" count="6" type="cond" truecount="2" falsecount="0"/>
          <line num="164" count="5" type="stmt"/>
          <line num="170" count="1" type="stmt"/>
          <line num="174" count="6" type="stmt"/>
          <line num="178" count="6" type="stmt"/>
          <line num="184" count="1" type="stmt"/>
          <line num="187" count="1" type="stmt"/>
          <line num="190" count="6" type="stmt"/>
          <line num="192" count="6" type="stmt"/>
          <line num="193" count="6" type="stmt"/>
          <line num="194" count="6" type="cond" truecount="2" falsecount="0"/>
          <line num="195" count="1" type="stmt"/>
          <line num="200" count="6" type="cond" truecount="2" falsecount="0"/>
          <line num="201" count="5" type="stmt"/>
          <line num="207" count="1" type="stmt"/>
          <line num="211" count="6" type="stmt"/>
          <line num="217" count="1" type="stmt"/>
          <line num="229" count="5" type="stmt"/>
          <line num="230" count="8" type="stmt"/>
          <line num="232" count="5" type="stmt"/>
          <line num="241" count="10" type="stmt"/>
          <line num="242" count="10" type="stmt"/>
          <line num="243" count="10" type="stmt"/>
          <line num="245" count="10" type="cond" truecount="4" falsecount="0"/>
          <line num="247" count="2" type="stmt"/>
          <line num="248" count="2" type="stmt"/>
          <line num="250" count="2" type="stmt"/>
          <line num="251" count="2" type="stmt"/>
          <line num="252" count="2" type="stmt"/>
          <line num="254" count="2" type="stmt"/>
          <line num="255" count="2" type="stmt"/>
          <line num="256" count="2" type="stmt"/>
          <line num="257" count="2" type="stmt"/>
          <line num="259" count="4" type="stmt"/>
          <line num="260" count="4" type="stmt"/>
          <line num="261" count="4" type="stmt"/>
          <line num="262" count="4" type="stmt"/>
          <line num="264" count="10" type="cond" truecount="2" falsecount="0"/>
          <line num="265" count="4" type="stmt"/>
          <line num="267" count="6" type="stmt"/>
          <line num="269" count="10" type="cond" truecount="2" falsecount="0"/>
          <line num="270" count="4" type="stmt"/>
          <line num="272" count="6" type="stmt"/>
          <line num="274" count="10" type="stmt"/>
          <line num="275" count="10" type="stmt"/>
          <line num="279" count="1" type="stmt"/>
        </file>
        <file name="index-npm.js" path="/Users/ranjayzheng/Desktop/mobile-events/lib/index-npm.js">
          <metrics statements="48" coveredstatements="48" conditionals="20" coveredconditionals="20" methods="13" coveredmethods="13"/>
          <line num="3" count="1" type="stmt"/>
          <line num="4" count="1" type="stmt"/>
          <line num="5" count="1" type="stmt"/>
          <line num="13" count="1" type="stmt"/>
          <line num="46" count="61" type="cond" truecount="2" falsecount="0"/>
          <line num="47" count="2" type="stmt"/>
          <line num="48" count="2" type="stmt"/>
          <line num="50" count="2" type="stmt"/>
          <line num="51" count="59" type="cond" truecount="4" falsecount="0"/>
          <line num="52" count="1" type="stmt"/>
          <line num="53" count="1" type="stmt"/>
          <line num="55" count="1" type="stmt"/>
          <line num="56" count="58" type="cond" truecount="4" falsecount="0"/>
          <line num="57" count="25" type="stmt"/>
          <line num="59" count="33" type="stmt"/>
          <line num="60" count="33" type="stmt"/>
          <line num="61" count="11" type="stmt"/>
          <line num="62" count="7" type="stmt"/>
          <line num="65" count="33" type="stmt"/>
          <line num="66" count="33" type="cond" truecount="2" falsecount="0"/>
          <line num="67" count="7" type="stmt"/>
          <line num="68" count="7" type="stmt"/>
          <line num="70" count="26" type="stmt"/>
          <line num="72" count="33" type="stmt"/>
          <line num="85" count="8" type="stmt"/>
          <line num="86" count="8" type="cond" truecount="2" falsecount="0"/>
          <line num="87" count="1" type="stmt"/>
          <line num="88" count="1" type="stmt"/>
          <line num="91" count="8" type="cond" truecount="2" falsecount="0"/>
          <line num="92" count="3" type="stmt"/>
          <line num="97" count="5" type="stmt"/>
          <line num="99" count="8" type="stmt"/>
          <line num="107" count="4" type="stmt"/>
          <line num="108" count="4" type="stmt"/>
          <line num="117" count="42" type="cond" truecount="2" falsecount="0"/>
          <line num="118" count="4" type="stmt"/>
          <line num="119" count="4" type="cond" truecount="2" falsecount="0"/>
          <line num="120" count="1" type="stmt"/>
          <line num="125" count="41" type="stmt"/>
          <line num="133" count="41" type="stmt"/>
          <line num="134" count="41" type="stmt"/>
          <line num="138" count="1" type="stmt"/>
          <line num="139" count="1" type="stmt"/>
          <line num="140" count="1" type="stmt"/>
          <line num="141" count="1" type="stmt"/>
          <line num="142" count="1" type="stmt"/>
          <line num="143" count="1" type="stmt"/>
          <line num="147" count="1" type="stmt"/>
        </file>
        <file name="proxy.js" path="/Users/ranjayzheng/Desktop/mobile-events/lib/proxy.js">
          <metrics statements="13" coveredstatements="13" conditionals="9" coveredconditionals="9" methods="2" coveredmethods="2"/>
          <line num="9" count="78" type="cond" truecount="2" falsecount="0"/>
          <line num="10" count="40" type="stmt"/>
          <line num="11" count="40" type="stmt"/>
          <line num="12" count="40" type="cond" truecount="2" falsecount="0"/>
          <line num="13" count="20" type="stmt"/>
          <line num="15" count="20" type="stmt"/>
          <line num="18" count="20" type="stmt"/>
          <line num="30" count="78" type="stmt"/>
          <line num="32" count="78" type="stmt"/>
          <line num="33" count="78" type="cond" truecount="5" falsecount="0"/>
          <line num="34" count="58" type="stmt"/>
          <line num="38" count="78" type="stmt"/>
          <line num="41" count="1" type="stmt"/>
        </file>
        <file name="weakmap.js" path="/Users/ranjayzheng/Desktop/mobile-events/lib/weakmap.js">
          <metrics statements="4" coveredstatements="4" conditionals="0" coveredconditionals="0" methods="1" coveredmethods="1"/>
          <line num="2" count="7" type="stmt"/>
          <line num="3" count="7" type="stmt"/>
          <line num="4" count="7" type="stmt"/>
          <line num="7" count="1" type="stmt"/>
        </file>
      </package>
    </metrics>
  </project>
</coverage>
