{"/Users/ranjayzheng/Desktop/mobile-events/lib/events.js": {"path":"/Users/ranjayzheng/Desktop/mobile-events/lib/events.js","statementMap":{"0":{"start":{"line":1,"column":20},"end":{"line":1,"column":53}},"1":{"start":{"line":2,"column":14},"end":{"line":2,"column":41}},"2":{"start":{"line":5,"column":2},"end":{"line":5,"column":63}},"3":{"start":{"line":14,"column":39},"end":{"line":14,"column":52}},"4":{"start":{"line":15,"column":18},"end":{"line":15,"column":45}},"5":{"start":{"line":16,"column":18},"end":{"line":16,"column":45}},"6":{"start":{"line":17,"column":26},"end":{"line":17,"column":47}},"7":{"start":{"line":18,"column":26},"end":{"line":18,"column":47}},"8":{"start":{"line":19,"column":2},"end":{"line":22,"column":3}},"9":{"start":{"line":24,"column":2},"end":{"line":42,"column":3}},"10":{"start":{"line":26,"column":6},"end":{"line":26,"column":47}},"11":{"start":{"line":27,"column":6},"end":{"line":27,"column":11}},"12":{"start":{"line":29,"column":6},"end":{"line":29,"column":32}},"13":{"start":{"line":30,"column":6},"end":{"line":30,"column":35}},"14":{"start":{"line":31,"column":6},"end":{"line":31,"column":11}},"15":{"start":{"line":33,"column":6},"end":{"line":33,"column":25}},"16":{"start":{"line":34,"column":6},"end":{"line":34,"column":35}},"17":{"start":{"line":35,"column":6},"end":{"line":35,"column":27}},"18":{"start":{"line":36,"column":6},"end":{"line":36,"column":11}},"19":{"start":{"line":38,"column":6},"end":{"line":38,"column":25}},"20":{"start":{"line":39,"column":6},"end":{"line":39,"column":28}},"21":{"start":{"line":40,"column":6},"end":{"line":40,"column":27}},"22":{"start":{"line":41,"column":6},"end":{"line":41,"column":27}},"23":{"start":{"line":43,"column":2},"end":{"line":47,"column":3}},"24":{"start":{"line":44,"column":4},"end":{"line":44,"column":12}},"25":{"start":{"line":46,"column":4},"end":{"line":46,"column":11}},"26":{"start":{"line":48,"column":2},"end":{"line":52,"column":3}},"27":{"start":{"line":49,"column":4},"end":{"line":49,"column":11}},"28":{"start":{"line":51,"column":4},"end":{"line":51,"column":9}},"29":{"start":{"line":53,"column":2},"end":{"line":53,"column":37}},"30":{"start":{"line":54,"column":2},"end":{"line":54,"column":37}},"31":{"start":{"line":70,"column":4},"end":{"line":100,"column":6}},"32":{"start":{"line":72,"column":20},"end":{"line":72,"column":31}},"33":{"start":{"line":75,"column":8},"end":{"line":98,"column":9}},"34":{"start":{"line":77,"column":12},"end":{"line":77,"column":30}},"35":{"start":{"line":78,"column":12},"end":{"line":78,"column":53}},"36":{"start":{"line":79,"column":12},"end":{"line":79,"column":53}},"37":{"start":{"line":80,"column":12},"end":{"line":83,"column":14}},"38":{"start":{"line":81,"column":14},"end":{"line":81,"column":32}},"39":{"start":{"line":82,"column":14},"end":{"line":82,"column":32}},"40":{"start":{"line":86,"column":12},"end":{"line":95,"column":13}},"41":{"start":{"line":87,"column":34},"end":{"line":87,"column":61}},"42":{"start":{"line":88,"column":34},"end":{"line":88,"column":61}},"43":{"start":{"line":89,"column":24},"end":{"line":89,"column":59}},"44":{"start":{"line":90,"column":24},"end":{"line":90,"column":59}},"45":{"start":{"line":91,"column":14},"end":{"line":94,"column":15}},"46":{"start":{"line":92,"column":16},"end":{"line":92,"column":34}},"47":{"start":{"line":93,"column":16},"end":{"line":93,"column":27}},"48":{"start":{"line":96,"column":12},"end":{"line":96,"column":30}},"49":{"start":{"line":104,"column":4},"end":{"line":128,"column":6}},"50":{"start":{"line":106,"column":30},"end":{"line":106,"column":38}},"51":{"start":{"line":107,"column":31},"end":{"line":107,"column":35}},"52":{"start":{"line":108,"column":20},"end":{"line":108,"column":31}},"53":{"start":{"line":109,"column":8},"end":{"line":112,"column":9}},"54":{"start":{"line":110,"column":10},"end":{"line":110,"column":39}},"55":{"start":{"line":111,"column":10},"end":{"line":111,"column":40}},"56":{"start":{"line":113,"column":8},"end":{"line":126,"column":9}},"57":{"start":{"line":115,"column":12},"end":{"line":115,"column":30}},"58":{"start":{"line":116,"column":12},"end":{"line":116,"column":38}},"59":{"start":{"line":119,"column":12},"end":{"line":123,"column":13}},"60":{"start":{"line":120,"column":14},"end":{"line":120,"column":53}},"61":{"start":{"line":122,"column":14},"end":{"line":122,"column":32}},"62":{"start":{"line":124,"column":12},"end":{"line":124,"column":30}},"63":{"start":{"line":132,"column":4},"end":{"line":162,"column":6}},"64":{"start":{"line":134,"column":20},"end":{"line":134,"column":31}},"65":{"start":{"line":137,"column":8},"end":{"line":160,"column":9}},"66":{"start":{"line":139,"column":12},"end":{"line":158,"column":13}},"67":{"start":{"line":140,"column":14},"end":{"line":140,"column":32}},"68":{"start":{"line":141,"column":34},"end":{"line":141,"column":61}},"69":{"start":{"line":142,"column":34},"end":{"line":142,"column":61}},"70":{"start":{"line":143,"column":24},"end":{"line":143,"column":59}},"71":{"start":{"line":144,"column":24},"end":{"line":144,"column":59}},"72":{"start":{"line":145,"column":14},"end":{"line":150,"column":15}},"73":{"start":{"line":146,"column":16},"end":{"line":146,"column":34}},"74":{"start":{"line":147,"column":16},"end":{"line":147,"column":27}},"75":{"start":{"line":149,"column":16},"end":{"line":149,"column":62}},"76":{"start":{"line":152,"column":14},"end":{"line":152,"column":55}},"77":{"start":{"line":153,"column":14},"end":{"line":153,"column":55}},"78":{"start":{"line":154,"column":14},"end":{"line":157,"column":16}},"79":{"start":{"line":155,"column":16},"end":{"line":155,"column":34}},"80":{"start":{"line":156,"column":16},"end":{"line":156,"column":34}},"81":{"start":{"line":163,"column":4},"end":{"line":181,"column":6}},"82":{"start":{"line":165,"column":28},"end":{"line":165,"column":32}},"83":{"start":{"line":166,"column":8},"end":{"line":179,"column":9}},"84":{"start":{"line":168,"column":12},"end":{"line":171,"column":13}},"85":{"start":{"line":174,"column":12},"end":{"line":176,"column":13}},"86":{"start":{"line":175,"column":14},"end":{"line":175,"column":68}},"87":{"start":{"line":177,"column":12},"end":{"line":177,"column":23}},"88":{"start":{"line":182,"column":4},"end":{"line":201,"column":6}},"89":{"start":{"line":184,"column":28},"end":{"line":184,"column":32}},"90":{"start":{"line":185,"column":8},"end":{"line":199,"column":9}},"91":{"start":{"line":187,"column":12},"end":{"line":187,"column":30}},"92":{"start":{"line":188,"column":12},"end":{"line":193,"column":13}},"93":{"start":{"line":189,"column":14},"end":{"line":192,"column":15}},"94":{"start":{"line":194,"column":12},"end":{"line":196,"column":13}},"95":{"start":{"line":195,"column":14},"end":{"line":195,"column":68}},"96":{"start":{"line":197,"column":12},"end":{"line":197,"column":23}},"97":{"start":{"line":202,"column":4},"end":{"line":241,"column":6}},"98":{"start":{"line":204,"column":32},"end":{"line":204,"column":33}},"99":{"start":{"line":205,"column":20},"end":{"line":205,"column":31}},"100":{"start":{"line":206,"column":8},"end":{"line":239,"column":9}},"101":{"start":{"line":208,"column":12},"end":{"line":208,"column":30}},"102":{"start":{"line":209,"column":12},"end":{"line":234,"column":13}},"103":{"start":{"line":210,"column":14},"end":{"line":233,"column":15}},"104":{"start":{"line":211,"column":16},"end":{"line":216,"column":17}},"105":{"start":{"line":217,"column":21},"end":{"line":233,"column":15}},"106":{"start":{"line":218,"column":16},"end":{"line":232,"column":18}},"107":{"start":{"line":219,"column":18},"end":{"line":219,"column":48}},"108":{"start":{"line":219,"column":42},"end":{"line":219,"column":48}},"109":{"start":{"line":220,"column":44},"end":{"line":225,"column":19}},"110":{"start":{"line":228,"column":20},"end":{"line":229,"column":23}},"111":{"start":{"line":230,"column":18},"end":{"line":230,"column":33}},"112":{"start":{"line":231,"column":18},"end":{"line":231,"column":29}},"113":{"start":{"line":237,"column":12},"end":{"line":237,"column":33}},"114":{"start":{"line":242,"column":4},"end":{"line":307,"column":6}},"115":{"start":{"line":244,"column":30},"end":{"line":244,"column":34}},"116":{"start":{"line":245,"column":20},"end":{"line":245,"column":31}},"117":{"start":{"line":246,"column":8},"end":{"line":305,"column":9}},"118":{"start":{"line":248,"column":12},"end":{"line":300,"column":13}},"119":{"start":{"line":249,"column":14},"end":{"line":299,"column":15}},"120":{"start":{"line":250,"column":16},"end":{"line":250,"column":62}},"121":{"start":{"line":251,"column":21},"end":{"line":299,"column":15}},"122":{"start":{"line":252,"column":16},"end":{"line":298,"column":18}},"123":{"start":{"line":253,"column":18},"end":{"line":253,"column":46}},"124":{"start":{"line":253,"column":40},"end":{"line":253,"column":46}},"125":{"start":{"line":254,"column":33},"end":{"line":254,"column":59}},"126":{"start":{"line":255,"column":33},"end":{"line":255,"column":59}},"127":{"start":{"line":256,"column":33},"end":{"line":256,"column":53}},"128":{"start":{"line":257,"column":33},"end":{"line":257,"column":53}},"129":{"start":{"line":258,"column":33},"end":{"line":258,"column":59}},"130":{"start":{"line":259,"column":33},"end":{"line":259,"column":59}},"131":{"start":{"line":260,"column":33},"end":{"line":260,"column":53}},"132":{"start":{"line":261,"column":33},"end":{"line":261,"column":53}},"133":{"start":{"line":262,"column":39},"end":{"line":267,"column":19}},"134":{"start":{"line":268,"column":39},"end":{"line":273,"column":19}},"135":{"start":{"line":275,"column":20},"end":{"line":281,"column":27}},"136":{"start":{"line":284,"column":20},"end":{"line":285,"column":57}},"137":{"start":{"line":286,"column":31},"end":{"line":288,"column":19}},"138":{"start":{"line":289,"column":18},"end":{"line":295,"column":19}},"139":{"start":{"line":290,"column":20},"end":{"line":290,"column":54}},"140":{"start":{"line":291,"column":20},"end":{"line":291,"column":35}},"141":{"start":{"line":292,"column":25},"end":{"line":295,"column":19}},"142":{"start":{"line":293,"column":20},"end":{"line":293,"column":50}},"143":{"start":{"line":294,"column":20},"end":{"line":294,"column":35}},"144":{"start":{"line":296,"column":18},"end":{"line":296,"column":35}},"145":{"start":{"line":297,"column":18},"end":{"line":297,"column":29}},"146":{"start":{"line":303,"column":12},"end":{"line":303,"column":34}},"147":{"start":{"line":311,"column":0},"end":{"line":311,"column":29}}},"fnMap":{"0":{"name":"getVectorLength","decl":{"start":{"line":4,"column":9},"end":{"line":4,"column":24}},"loc":{"start":{"line":4,"column":42},"end":{"line":6,"column":1}},"line":4},"1":{"name":"_arrangeCallbackArr","decl":{"start":{"line":13,"column":9},"end":{"line":13,"column":28}},"loc":{"start":{"line":13,"column":61},"end":{"line":55,"column":1}},"line":13},"2":{"name":"(anonymous_2)","decl":{"start":{"line":66,"column":2},"end":{"line":66,"column":3}},"loc":{"start":{"line":66,"column":17},"end":{"line":308,"column":3}},"line":66},"3":{"name":"(anonymous_3)","decl":{"start":{"line":71,"column":21},"end":{"line":71,"column":22}},"loc":{"start":{"line":71,"column":41},"end":{"line":99,"column":7}},"line":71},"4":{"name":"(anonymous_4)","decl":{"start":{"line":76,"column":22},"end":{"line":76,"column":23}},"loc":{"start":{"line":76,"column":27},"end":{"line":84,"column":11}},"line":76},"5":{"name":"(anonymous_5)","decl":{"start":{"line":80,"column":38},"end":{"line":80,"column":39}},"loc":{"start":{"line":80,"column":44},"end":{"line":83,"column":13}},"line":80},"6":{"name":"(anonymous_6)","decl":{"start":{"line":85,"column":20},"end":{"line":85,"column":21}},"loc":{"start":{"line":85,"column":25},"end":{"line":97,"column":11}},"line":85},"7":{"name":"(anonymous_7)","decl":{"start":{"line":105,"column":21},"end":{"line":105,"column":22}},"loc":{"start":{"line":105,"column":41},"end":{"line":127,"column":7}},"line":105},"8":{"name":"(anonymous_8)","decl":{"start":{"line":114,"column":22},"end":{"line":114,"column":23}},"loc":{"start":{"line":114,"column":27},"end":{"line":117,"column":11}},"line":114},"9":{"name":"(anonymous_9)","decl":{"start":{"line":118,"column":20},"end":{"line":118,"column":21}},"loc":{"start":{"line":118,"column":25},"end":{"line":125,"column":11}},"line":118},"10":{"name":"(anonymous_10)","decl":{"start":{"line":133,"column":21},"end":{"line":133,"column":22}},"loc":{"start":{"line":133,"column":41},"end":{"line":161,"column":7}},"line":133},"11":{"name":"(anonymous_11)","decl":{"start":{"line":138,"column":20},"end":{"line":138,"column":21}},"loc":{"start":{"line":138,"column":25},"end":{"line":159,"column":11}},"line":138},"12":{"name":"(anonymous_12)","decl":{"start":{"line":154,"column":40},"end":{"line":154,"column":41}},"loc":{"start":{"line":154,"column":46},"end":{"line":157,"column":15}},"line":154},"13":{"name":"(anonymous_13)","decl":{"start":{"line":164,"column":21},"end":{"line":164,"column":22}},"loc":{"start":{"line":164,"column":41},"end":{"line":180,"column":7}},"line":164},"14":{"name":"(anonymous_14)","decl":{"start":{"line":167,"column":22},"end":{"line":167,"column":23}},"loc":{"start":{"line":167,"column":27},"end":{"line":172,"column":11}},"line":167},"15":{"name":"(anonymous_15)","decl":{"start":{"line":173,"column":20},"end":{"line":173,"column":21}},"loc":{"start":{"line":173,"column":25},"end":{"line":178,"column":11}},"line":173},"16":{"name":"(anonymous_16)","decl":{"start":{"line":183,"column":21},"end":{"line":183,"column":22}},"loc":{"start":{"line":183,"column":41},"end":{"line":200,"column":7}},"line":183},"17":{"name":"(anonymous_17)","decl":{"start":{"line":186,"column":21},"end":{"line":186,"column":22}},"loc":{"start":{"line":186,"column":26},"end":{"line":198,"column":11}},"line":186},"18":{"name":"(anonymous_18)","decl":{"start":{"line":203,"column":21},"end":{"line":203,"column":22}},"loc":{"start":{"line":203,"column":41},"end":{"line":240,"column":7}},"line":203},"19":{"name":"(anonymous_19)","decl":{"start":{"line":207,"column":21},"end":{"line":207,"column":22}},"loc":{"start":{"line":207,"column":26},"end":{"line":235,"column":11}},"line":207},"20":{"name":"(anonymous_20)","decl":{"start":{"line":218,"column":41},"end":{"line":218,"column":42}},"loc":{"start":{"line":218,"column":47},"end":{"line":232,"column":17}},"line":218},"21":{"name":"(anonymous_21)","decl":{"start":{"line":236,"column":20},"end":{"line":236,"column":21}},"loc":{"start":{"line":236,"column":25},"end":{"line":238,"column":11}},"line":236},"22":{"name":"(anonymous_22)","decl":{"start":{"line":243,"column":21},"end":{"line":243,"column":22}},"loc":{"start":{"line":243,"column":41},"end":{"line":306,"column":7}},"line":243},"23":{"name":"(anonymous_23)","decl":{"start":{"line":247,"column":21},"end":{"line":247,"column":22}},"loc":{"start":{"line":247,"column":26},"end":{"line":301,"column":11}},"line":247},"24":{"name":"(anonymous_24)","decl":{"start":{"line":252,"column":41},"end":{"line":252,"column":42}},"loc":{"start":{"line":252,"column":47},"end":{"line":298,"column":17}},"line":252},"25":{"name":"(anonymous_25)","decl":{"start":{"line":302,"column":20},"end":{"line":302,"column":21}},"loc":{"start":{"line":302,"column":25},"end":{"line":304,"column":11}},"line":302}},"branchMap":{"0":{"loc":{"start":{"line":24,"column":2},"end":{"line":42,"column":3}},"type":"switch","locations":[{"start":{"line":25,"column":4},"end":{"line":27,"column":11}},{"start":{"line":28,"column":4},"end":{"line":31,"column":11}},{"start":{"line":32,"column":4},"end":{"line":36,"column":11}},{"start":{"line":37,"column":4},"end":{"line":41,"column":27}}],"line":24},"1":{"loc":{"start":{"line":43,"column":2},"end":{"line":47,"column":3}},"type":"if","locations":[{"start":{"line":43,"column":2},"end":{"line":47,"column":3}},{"start":{"line":43,"column":2},"end":{"line":47,"column":3}}],"line":43},"2":{"loc":{"start":{"line":48,"column":2},"end":{"line":52,"column":3}},"type":"if","locations":[{"start":{"line":48,"column":2},"end":{"line":52,"column":3}},{"start":{"line":48,"column":2},"end":{"line":52,"column":3}}],"line":48},"3":{"loc":{"start":{"line":86,"column":12},"end":{"line":95,"column":13}},"type":"if","locations":[{"start":{"line":86,"column":12},"end":{"line":95,"column":13}},{"start":{"line":86,"column":12},"end":{"line":95,"column":13}}],"line":86},"4":{"loc":{"start":{"line":91,"column":14},"end":{"line":94,"column":15}},"type":"if","locations":[{"start":{"line":91,"column":14},"end":{"line":94,"column":15}},{"start":{"line":91,"column":14},"end":{"line":94,"column":15}}],"line":91},"5":{"loc":{"start":{"line":91,"column":18},"end":{"line":91,"column":36}},"type":"binary-expr","locations":[{"start":{"line":91,"column":18},"end":{"line":91,"column":25}},{"start":{"line":91,"column":29},"end":{"line":91,"column":36}}],"line":91},"6":{"loc":{"start":{"line":109,"column":8},"end":{"line":112,"column":9}},"type":"if","locations":[{"start":{"line":109,"column":8},"end":{"line":112,"column":9}},{"start":{"line":109,"column":8},"end":{"line":112,"column":9}}],"line":109},"7":{"loc":{"start":{"line":119,"column":12},"end":{"line":123,"column":13}},"type":"if","locations":[{"start":{"line":119,"column":12},"end":{"line":123,"column":13}},{"start":{"line":119,"column":12},"end":{"line":123,"column":13}}],"line":119},"8":{"loc":{"start":{"line":120,"column":14},"end":{"line":120,"column":53}},"type":"binary-expr","locations":[{"start":{"line":120,"column":14},"end":{"line":120,"column":30}},{"start":{"line":120,"column":34},"end":{"line":120,"column":53}}],"line":120},"9":{"loc":{"start":{"line":139,"column":12},"end":{"line":158,"column":13}},"type":"if","locations":[{"start":{"line":139,"column":12},"end":{"line":158,"column":13}},{"start":{"line":139,"column":12},"end":{"line":158,"column":13}}],"line":139},"10":{"loc":{"start":{"line":145,"column":14},"end":{"line":150,"column":15}},"type":"if","locations":[{"start":{"line":145,"column":14},"end":{"line":150,"column":15}},{"start":{"line":145,"column":14},"end":{"line":150,"column":15}}],"line":145},"11":{"loc":{"start":{"line":145,"column":18},"end":{"line":145,"column":38}},"type":"binary-expr","locations":[{"start":{"line":145,"column":18},"end":{"line":145,"column":26}},{"start":{"line":145,"column":30},"end":{"line":145,"column":38}}],"line":145},"12":{"loc":{"start":{"line":174,"column":12},"end":{"line":176,"column":13}},"type":"if","locations":[{"start":{"line":174,"column":12},"end":{"line":176,"column":13}},{"start":{"line":174,"column":12},"end":{"line":176,"column":13}}],"line":174},"13":{"loc":{"start":{"line":188,"column":12},"end":{"line":193,"column":13}},"type":"if","locations":[{"start":{"line":188,"column":12},"end":{"line":193,"column":13}},{"start":{"line":188,"column":12},"end":{"line":193,"column":13}}],"line":188},"14":{"loc":{"start":{"line":194,"column":12},"end":{"line":196,"column":13}},"type":"if","locations":[{"start":{"line":194,"column":12},"end":{"line":196,"column":13}},{"start":{"line":194,"column":12},"end":{"line":196,"column":13}}],"line":194},"15":{"loc":{"start":{"line":209,"column":12},"end":{"line":234,"column":13}},"type":"if","locations":[{"start":{"line":209,"column":12},"end":{"line":234,"column":13}},{"start":{"line":209,"column":12},"end":{"line":234,"column":13}}],"line":209},"16":{"loc":{"start":{"line":210,"column":14},"end":{"line":233,"column":15}},"type":"if","locations":[{"start":{"line":210,"column":14},"end":{"line":233,"column":15}},{"start":{"line":210,"column":14},"end":{"line":233,"column":15}}],"line":210},"17":{"loc":{"start":{"line":217,"column":21},"end":{"line":233,"column":15}},"type":"if","locations":[{"start":{"line":217,"column":21},"end":{"line":233,"column":15}},{"start":{"line":217,"column":21},"end":{"line":233,"column":15}}],"line":217},"18":{"loc":{"start":{"line":219,"column":18},"end":{"line":219,"column":48}},"type":"if","locations":[{"start":{"line":219,"column":18},"end":{"line":219,"column":48}},{"start":{"line":219,"column":18},"end":{"line":219,"column":48}}],"line":219},"19":{"loc":{"start":{"line":248,"column":12},"end":{"line":300,"column":13}},"type":"if","locations":[{"start":{"line":248,"column":12},"end":{"line":300,"column":13}},{"start":{"line":248,"column":12},"end":{"line":300,"column":13}}],"line":248},"20":{"loc":{"start":{"line":249,"column":14},"end":{"line":299,"column":15}},"type":"if","locations":[{"start":{"line":249,"column":14},"end":{"line":299,"column":15}},{"start":{"line":249,"column":14},"end":{"line":299,"column":15}}],"line":249},"21":{"loc":{"start":{"line":251,"column":21},"end":{"line":299,"column":15}},"type":"if","locations":[{"start":{"line":251,"column":21},"end":{"line":299,"column":15}},{"start":{"line":251,"column":21},"end":{"line":299,"column":15}}],"line":251},"22":{"loc":{"start":{"line":253,"column":18},"end":{"line":253,"column":46}},"type":"if","locations":[{"start":{"line":253,"column":18},"end":{"line":253,"column":46}},{"start":{"line":253,"column":18},"end":{"line":253,"column":46}}],"line":253},"23":{"loc":{"start":{"line":289,"column":18},"end":{"line":295,"column":19}},"type":"if","locations":[{"start":{"line":289,"column":18},"end":{"line":295,"column":19}},{"start":{"line":289,"column":18},"end":{"line":295,"column":19}}],"line":289},"24":{"loc":{"start":{"line":292,"column":25},"end":{"line":295,"column":19}},"type":"if","locations":[{"start":{"line":292,"column":25},"end":{"line":295,"column":19}},{"start":{"line":292,"column":25},"end":{"line":295,"column":19}}],"line":292}},"s":{"0":1,"1":1,"2":6,"3":10,"4":10,"5":10,"6":10,"7":10,"8":10,"9":10,"10":2,"11":2,"12":2,"13":2,"14":2,"15":2,"16":2,"17":2,"18":2,"19":4,"20":4,"21":4,"22":4,"23":10,"24":4,"25":6,"26":10,"27":4,"28":6,"29":10,"30":10,"31":1,"32":5,"33":5,"34":5,"35":5,"36":5,"37":5,"38":1,"39":1,"40":5,"41":4,"42":4,"43":4,"44":4,"45":4,"46":3,"47":3,"48":5,"49":1,"50":5,"51":5,"52":5,"53":5,"54":3,"55":3,"56":5,"57":8,"58":8,"59":8,"60":4,"61":4,"62":8,"63":1,"64":5,"65":5,"66":9,"67":4,"68":4,"69":4,"70":4,"71":4,"72":4,"73":3,"74":3,"75":1,"76":5,"77":5,"78":5,"79":1,"80":1,"81":1,"82":6,"83":6,"84":6,"85":6,"86":5,"87":1,"88":1,"89":6,"90":6,"91":6,"92":6,"93":5,"94":6,"95":5,"96":1,"97":1,"98":1,"99":1,"100":1,"101":2,"102":2,"103":2,"104":1,"105":1,"106":1,"107":1,"108":0,"109":1,"110":1,"111":1,"112":1,"113":1,"114":1,"115":2,"116":2,"117":2,"118":4,"119":4,"120":2,"121":2,"122":2,"123":2,"124":0,"125":2,"126":2,"127":2,"128":2,"129":2,"130":2,"131":2,"132":2,"133":2,"134":2,"135":2,"136":2,"137":2,"138":2,"139":1,"140":1,"141":1,"142":1,"143":1,"144":2,"145":2,"146":1,"147":1},"f":{"0":6,"1":10,"2":1,"3":5,"4":5,"5":1,"6":5,"7":5,"8":8,"9":8,"10":5,"11":9,"12":1,"13":6,"14":6,"15":6,"16":6,"17":6,"18":1,"19":2,"20":1,"21":1,"22":2,"23":4,"24":2,"25":1},"b":{"0":[2,2,2,4],"1":[4,6],"2":[4,6],"3":[4,1],"4":[3,1],"5":[4,3],"6":[3,2],"7":[4,4],"8":[4,3],"9":[4,5],"10":[3,1],"11":[4,3],"12":[5,1],"13":[5,1],"14":[5,1],"15":[2,0],"16":[1,1],"17":[1,0],"18":[0,1],"19":[4,0],"20":[2,2],"21":[2,0],"22":[0,2],"23":[1,1],"24":[1,0]},"_coverageSchema":"332fd63041d2c1bcb487cc26dd0d5f7d97098a6c","hash":"61e1bf129af9241845b2b8352db7cdd18dda43f9"}
,"/Users/ranjayzheng/Desktop/mobile-events/lib/index-npm.js": {"path":"/Users/ranjayzheng/Desktop/mobile-events/lib/index-npm.js","statementMap":{"0":{"start":{"line":3,"column":29},"end":{"line":3,"column":56}},"1":{"start":{"line":4,"column":15},"end":{"line":4,"column":37}},"2":{"start":{"line":5,"column":22},"end":{"line":5,"column":51}},"3":{"start":{"line":13,"column":4},"end":{"line":13,"column":42}},"4":{"start":{"line":46,"column":4},"end":{"line":58,"column":5}},"5":{"start":{"line":47,"column":6},"end":{"line":49,"column":8}},"6":{"start":{"line":48,"column":8},"end":{"line":48,"column":56}},"7":{"start":{"line":50,"column":6},"end":{"line":50,"column":23}},"8":{"start":{"line":51,"column":11},"end":{"line":58,"column":5}},"9":{"start":{"line":52,"column":6},"end":{"line":54,"column":8}},"10":{"start":{"line":53,"column":8},"end":{"line":53,"column":61}},"11":{"start":{"line":55,"column":6},"end":{"line":55,"column":23}},"12":{"start":{"line":56,"column":11},"end":{"line":58,"column":5}},"13":{"start":{"line":57,"column":6},"end":{"line":57,"column":68}},"14":{"start":{"line":59,"column":4},"end":{"line":59,"column":56}},"15":{"start":{"line":60,"column":25},"end":{"line":64,"column":5}},"16":{"start":{"line":65,"column":4},"end":{"line":65,"column":58}},"17":{"start":{"line":66,"column":4},"end":{"line":70,"column":5}},"18":{"start":{"line":67,"column":6},"end":{"line":67,"column":53}},"19":{"start":{"line":69,"column":6},"end":{"line":69,"column":63}},"20":{"start":{"line":71,"column":4},"end":{"line":71,"column":21}},"21":{"start":{"line":84,"column":4},"end":{"line":84,"column":56}},"22":{"start":{"line":85,"column":4},"end":{"line":89,"column":5}},"23":{"start":{"line":86,"column":6},"end":{"line":88,"column":9}},"24":{"start":{"line":87,"column":8},"end":{"line":87,"column":48}},"25":{"start":{"line":90,"column":4},"end":{"line":97,"column":5}},"26":{"start":{"line":91,"column":6},"end":{"line":94,"column":8}},"27":{"start":{"line":96,"column":6},"end":{"line":96,"column":49}},"28":{"start":{"line":98,"column":4},"end":{"line":98,"column":21}},"29":{"start":{"line":106,"column":4},"end":{"line":108,"column":6}},"30":{"start":{"line":107,"column":6},"end":{"line":107,"column":43}},"31":{"start":{"line":116,"column":4},"end":{"line":123,"column":5}},"32":{"start":{"line":117,"column":6},"end":{"line":117,"column":54}},"33":{"start":{"line":118,"column":6},"end":{"line":122,"column":7}},"34":{"start":{"line":119,"column":8},"end":{"line":121,"column":9}},"35":{"start":{"line":124,"column":4},"end":{"line":124,"column":21}},"36":{"start":{"line":132,"column":20},"end":{"line":132,"column":48}},"37":{"start":{"line":133,"column":4},"end":{"line":133,"column":29}},"38":{"start":{"line":137,"column":15},"end":{"line":137,"column":29}},"39":{"start":{"line":138,"column":26},"end":{"line":138,"column":59}},"40":{"start":{"line":139,"column":20},"end":{"line":139,"column":48}},"41":{"start":{"line":140,"column":0},"end":{"line":140,"column":54}},"42":{"start":{"line":141,"column":0},"end":{"line":143,"column":3}},"43":{"start":{"line":142,"column":2},"end":{"line":142,"column":43}},"44":{"start":{"line":146,"column":2},"end":{"line":146,"column":31}}},"fnMap":{"0":{"name":"(anonymous_0)","decl":{"start":{"line":12,"column":2},"end":{"line":12,"column":3}},"loc":{"start":{"line":12,"column":17},"end":{"line":14,"column":3}},"line":12},"1":{"name":"(anonymous_1)","decl":{"start":{"line":43,"column":2},"end":{"line":43,"column":3}},"loc":{"start":{"line":43,"column":53},"end":{"line":72,"column":3}},"line":43},"2":{"name":"(anonymous_2)","decl":{"start":{"line":47,"column":43},"end":{"line":47,"column":44}},"loc":{"start":{"line":48,"column":8},"end":{"line":48,"column":56}},"line":48},"3":{"name":"(anonymous_3)","decl":{"start":{"line":52,"column":34},"end":{"line":52,"column":35}},"loc":{"start":{"line":53,"column":8},"end":{"line":53,"column":61}},"line":53},"4":{"name":"(anonymous_4)","decl":{"start":{"line":83,"column":2},"end":{"line":83,"column":3}},"loc":{"start":{"line":83,"column":39},"end":{"line":99,"column":3}},"line":83},"5":{"name":"(anonymous_5)","decl":{"start":{"line":86,"column":34},"end":{"line":86,"column":35}},"loc":{"start":{"line":86,"column":54},"end":{"line":88,"column":7}},"line":86},"6":{"name":"(anonymous_6)","decl":{"start":{"line":105,"column":2},"end":{"line":105,"column":3}},"loc":{"start":{"line":105,"column":39},"end":{"line":109,"column":3}},"line":105},"7":{"name":"(anonymous_7)","decl":{"start":{"line":106,"column":40},"end":{"line":106,"column":41}},"loc":{"start":{"line":106,"column":53},"end":{"line":108,"column":5}},"line":106},"8":{"name":"(anonymous_8)","decl":{"start":{"line":115,"column":2},"end":{"line":115,"column":3}},"loc":{"start":{"line":115,"column":37},"end":{"line":125,"column":3}},"line":115},"9":{"name":"(anonymous_9)","decl":{"start":{"line":131,"column":2},"end":{"line":131,"column":3}},"loc":{"start":{"line":131,"column":22},"end":{"line":134,"column":3}},"line":131},"10":{"name":"(anonymous_10)","decl":{"start":{"line":141,"column":26},"end":{"line":141,"column":27}},"loc":{"start":{"line":141,"column":37},"end":{"line":143,"column":1}},"line":141}},"branchMap":{"0":{"loc":{"start":{"line":46,"column":4},"end":{"line":58,"column":5}},"type":"if","locations":[{"start":{"line":46,"column":4},"end":{"line":58,"column":5}},{"start":{"line":46,"column":4},"end":{"line":58,"column":5}}],"line":46},"1":{"loc":{"start":{"line":51,"column":11},"end":{"line":58,"column":5}},"type":"if","locations":[{"start":{"line":51,"column":11},"end":{"line":58,"column":5}},{"start":{"line":51,"column":11},"end":{"line":58,"column":5}}],"line":51},"2":{"loc":{"start":{"line":51,"column":15},"end":{"line":51,"column":69}},"type":"binary-expr","locations":[{"start":{"line":51,"column":15},"end":{"line":51,"column":40}},{"start":{"line":51,"column":44},"end":{"line":51,"column":69}}],"line":51},"3":{"loc":{"start":{"line":56,"column":11},"end":{"line":58,"column":5}},"type":"if","locations":[{"start":{"line":56,"column":11},"end":{"line":58,"column":5}},{"start":{"line":56,"column":11},"end":{"line":58,"column":5}}],"line":56},"4":{"loc":{"start":{"line":56,"column":15},"end":{"line":56,"column":68}},"type":"binary-expr","locations":[{"start":{"line":56,"column":15},"end":{"line":56,"column":42}},{"start":{"line":56,"column":46},"end":{"line":56,"column":68}}],"line":56},"5":{"loc":{"start":{"line":66,"column":4},"end":{"line":70,"column":5}},"type":"if","locations":[{"start":{"line":66,"column":4},"end":{"line":70,"column":5}},{"start":{"line":66,"column":4},"end":{"line":70,"column":5}}],"line":66},"6":{"loc":{"start":{"line":85,"column":4},"end":{"line":89,"column":5}},"type":"if","locations":[{"start":{"line":85,"column":4},"end":{"line":89,"column":5}},{"start":{"line":85,"column":4},"end":{"line":89,"column":5}}],"line":85},"7":{"loc":{"start":{"line":90,"column":4},"end":{"line":97,"column":5}},"type":"if","locations":[{"start":{"line":90,"column":4},"end":{"line":97,"column":5}},{"start":{"line":90,"column":4},"end":{"line":97,"column":5}}],"line":90},"8":{"loc":{"start":{"line":116,"column":4},"end":{"line":123,"column":5}},"type":"if","locations":[{"start":{"line":116,"column":4},"end":{"line":123,"column":5}},{"start":{"line":116,"column":4},"end":{"line":123,"column":5}}],"line":116},"9":{"loc":{"start":{"line":118,"column":6},"end":{"line":122,"column":7}},"type":"if","locations":[{"start":{"line":118,"column":6},"end":{"line":122,"column":7}},{"start":{"line":118,"column":6},"end":{"line":122,"column":7}}],"line":118}},"s":{"0":1,"1":1,"2":1,"3":1,"4":69,"5":2,"6":2,"7":2,"8":67,"9":1,"10":1,"11":1,"12":66,"13":29,"14":37,"15":37,"16":37,"17":37,"18":7,"19":30,"20":37,"21":8,"22":8,"23":1,"24":1,"25":8,"26":3,"27":5,"28":8,"29":4,"30":4,"31":46,"32":6,"33":6,"34":1,"35":45,"36":45,"37":45,"38":1,"39":1,"40":1,"41":1,"42":1,"43":1,"44":1},"f":{"0":1,"1":69,"2":2,"3":1,"4":8,"5":1,"6":4,"7":4,"8":46,"9":45,"10":1},"b":{"0":[2,67],"1":[1,66],"2":[67,58],"3":[29,37],"4":[66,46],"5":[7,30],"6":[1,7],"7":[3,5],"8":[6,40],"9":[1,5]},"_coverageSchema":"332fd63041d2c1bcb487cc26dd0d5f7d97098a6c","hash":"2d218b13c3cd8b3043eaa517901b4d17817cbcb1"}
,"/Users/ranjayzheng/Desktop/mobile-events/lib/tools/proxy.js": {"path":"/Users/ranjayzheng/Desktop/mobile-events/lib/tools/proxy.js","statementMap":{"0":{"start":{"line":9,"column":2},"end":{"line":9,"column":34}},"1":{"start":{"line":9,"column":23},"end":{"line":9,"column":34}},"2":{"start":{"line":10,"column":26},"end":{"line":10,"column":76}},"3":{"start":{"line":11,"column":2},"end":{"line":17,"column":3}},"4":{"start":{"line":12,"column":4},"end":{"line":16,"column":5}},"5":{"start":{"line":13,"column":6},"end":{"line":13,"column":19}},"6":{"start":{"line":15,"column":6},"end":{"line":15,"column":32}},"7":{"start":{"line":18,"column":2},"end":{"line":18,"column":13}},"8":{"start":{"line":30,"column":18},"end":{"line":37,"column":3}},"9":{"start":{"line":32,"column":21},"end":{"line":32,"column":79}},"10":{"start":{"line":33,"column":6},"end":{"line":35,"column":7}},"11":{"start":{"line":34,"column":8},"end":{"line":34,"column":42}},"12":{"start":{"line":38,"column":2},"end":{"line":38,"column":37}},"13":{"start":{"line":41,"column":0},"end":{"line":41,"column":37}}},"fnMap":{"0":{"name":"_delegateEvent","decl":{"start":{"line":8,"column":9},"end":{"line":8,"column":23}},"loc":{"start":{"line":8,"column":60},"end":{"line":19,"column":1}},"line":8},"1":{"name":"delegateProxyCreator","decl":{"start":{"line":29,"column":9},"end":{"line":29,"column":29}},"loc":{"start":{"line":29,"column":68},"end":{"line":39,"column":1}},"line":29}},"branchMap":{"0":{"loc":{"start":{"line":9,"column":2},"end":{"line":9,"column":34}},"type":"if","locations":[{"start":{"line":9,"column":2},"end":{"line":9,"column":34}},{"start":{"line":9,"column":2},"end":{"line":9,"column":34}}],"line":9},"1":{"loc":{"start":{"line":12,"column":4},"end":{"line":16,"column":5}},"type":"if","locations":[{"start":{"line":12,"column":4},"end":{"line":16,"column":5}},{"start":{"line":12,"column":4},"end":{"line":16,"column":5}}],"line":12},"2":{"loc":{"start":{"line":33,"column":6},"end":{"line":35,"column":7}},"type":"if","locations":[{"start":{"line":33,"column":6},"end":{"line":35,"column":7}},{"start":{"line":33,"column":6},"end":{"line":35,"column":7}}],"line":33},"3":{"loc":{"start":{"line":33,"column":10},"end":{"line":33,"column":55}},"type":"binary-expr","locations":[{"start":{"line":33,"column":11},"end":{"line":33,"column":25}},{"start":{"line":33,"column":29},"end":{"line":33,"column":35}},{"start":{"line":33,"column":40},"end":{"line":33,"column":55}}],"line":33}},"s":{"0":88,"1":48,"2":40,"3":40,"4":40,"5":20,"6":20,"7":20,"8":86,"9":88,"10":88,"11":68,"12":86,"13":1},"f":{"0":88,"1":86},"b":{"0":[48,40],"1":[20,20],"2":[68,20],"3":[88,40,68]},"_coverageSchema":"332fd63041d2c1bcb487cc26dd0d5f7d97098a6c","hash":"98476026fd1bf010bbeba1c4ab15d60c2497307c"}
,"/Users/ranjayzheng/Desktop/mobile-events/lib/tools/singleevent.js": {"path":"/Users/ranjayzheng/Desktop/mobile-events/lib/tools/singleevent.js","statementMap":{"0":{"start":{"line":1,"column":22},"end":{"line":1,"column":45}},"1":{"start":{"line":2,"column":29},"end":{"line":2,"column":50}},"2":{"start":{"line":6,"column":4},"end":{"line":6,"column":33}},"3":{"start":{"line":7,"column":4},"end":{"line":7,"column":26}},"4":{"start":{"line":10,"column":24},"end":{"line":10,"column":60}},"5":{"start":{"line":11,"column":4},"end":{"line":14,"column":6}},"6":{"start":{"line":12,"column":6},"end":{"line":12,"column":97}},"7":{"start":{"line":13,"column":6},"end":{"line":13,"column":58}},"8":{"start":{"line":15,"column":4},"end":{"line":15,"column":50}},"9":{"start":{"line":18,"column":4},"end":{"line":20,"column":6}},"10":{"start":{"line":19,"column":6},"end":{"line":19,"column":64}},"11":{"start":{"line":21,"column":4},"end":{"line":21,"column":21}},"12":{"start":{"line":25,"column":0},"end":{"line":25,"column":28}}},"fnMap":{"0":{"name":"(anonymous_0)","decl":{"start":{"line":5,"column":2},"end":{"line":5,"column":3}},"loc":{"start":{"line":5,"column":23},"end":{"line":8,"column":3}},"line":5},"1":{"name":"(anonymous_1)","decl":{"start":{"line":9,"column":2},"end":{"line":9,"column":3}},"loc":{"start":{"line":9,"column":45},"end":{"line":16,"column":3}},"line":9},"2":{"name":"(anonymous_2)","decl":{"start":{"line":11,"column":35},"end":{"line":11,"column":36}},"loc":{"start":{"line":11,"column":43},"end":{"line":14,"column":5}},"line":11},"3":{"name":"(anonymous_3)","decl":{"start":{"line":17,"column":2},"end":{"line":17,"column":3}},"loc":{"start":{"line":17,"column":31},"end":{"line":22,"column":3}},"line":17},"4":{"name":"(anonymous_4)","decl":{"start":{"line":18,"column":56},"end":{"line":18,"column":57}},"loc":{"start":{"line":18,"column":69},"end":{"line":20,"column":5}},"line":18}},"branchMap":{},"s":{"0":1,"1":1,"2":7,"3":7,"4":30,"5":30,"6":49,"7":49,"8":30,"9":5,"10":8,"11":5,"12":1},"f":{"0":7,"1":30,"2":49,"3":5,"4":8},"b":{},"_coverageSchema":"332fd63041d2c1bcb487cc26dd0d5f7d97098a6c","hash":"25462900cd40d1b1e440a1dbf0a7eef250cdb939"}
,"/Users/ranjayzheng/Desktop/mobile-events/lib/tools/timer.js": {"path":"/Users/ranjayzheng/Desktop/mobile-events/lib/tools/timer.js","statementMap":{"0":{"start":{"line":3,"column":4},"end":{"line":3,"column":21}},"1":{"start":{"line":6,"column":4},"end":{"line":10,"column":13}},"2":{"start":{"line":7,"column":6},"end":{"line":7,"column":30}},"3":{"start":{"line":8,"column":6},"end":{"line":8,"column":23}},"4":{"start":{"line":9,"column":6},"end":{"line":9,"column":35}},"5":{"start":{"line":13,"column":4},"end":{"line":13,"column":28}},"6":{"start":{"line":14,"column":4},"end":{"line":14,"column":21}},"7":{"start":{"line":18,"column":0},"end":{"line":18,"column":22}}},"fnMap":{"0":{"name":"(anonymous_0)","decl":{"start":{"line":2,"column":2},"end":{"line":2,"column":3}},"loc":{"start":{"line":2,"column":16},"end":{"line":4,"column":3}},"line":2},"1":{"name":"(anonymous_1)","decl":{"start":{"line":5,"column":2},"end":{"line":5,"column":3}},"loc":{"start":{"line":5,"column":34},"end":{"line":11,"column":3}},"line":5},"2":{"name":"(anonymous_2)","decl":{"start":{"line":6,"column":28},"end":{"line":6,"column":29}},"loc":{"start":{"line":6,"column":34},"end":{"line":10,"column":5}},"line":6},"3":{"name":"(anonymous_3)","decl":{"start":{"line":12,"column":2},"end":{"line":12,"column":3}},"loc":{"start":{"line":12,"column":15},"end":{"line":15,"column":3}},"line":12}},"branchMap":{"0":{"loc":{"start":{"line":9,"column":13},"end":{"line":9,"column":35}},"type":"binary-expr","locations":[{"start":{"line":9,"column":13},"end":{"line":9,"column":21}},{"start":{"line":9,"column":25},"end":{"line":9,"column":35}}],"line":9}},"s":{"0":18,"1":21,"2":9,"3":9,"4":9,"5":17,"6":17,"7":1},"f":{"0":18,"1":21,"2":9,"3":17},"b":{"0":[9,5]},"_coverageSchema":"332fd63041d2c1bcb487cc26dd0d5f7d97098a6c","hash":"9662d46a10072fd5f3f206548d69e8b5a0c75d28"}
,"/Users/ranjayzheng/Desktop/mobile-events/lib/tools/weakmap.js": {"path":"/Users/ranjayzheng/Desktop/mobile-events/lib/tools/weakmap.js","statementMap":{"0":{"start":{"line":1,"column":29},"end":{"line":1,"column":50}},"1":{"start":{"line":9,"column":15},"end":{"line":9,"column":28}},"2":{"start":{"line":10,"column":1},"end":{"line":10,"column":35}},"3":{"start":{"line":11,"column":1},"end":{"line":11,"column":62}},"4":{"start":{"line":14,"column":0},"end":{"line":14,"column":30}}},"fnMap":{"0":{"name":"weakMapBinder","decl":{"start":{"line":8,"column":9},"end":{"line":8,"column":22}},"loc":{"start":{"line":8,"column":53},"end":{"line":12,"column":1}},"line":8}},"branchMap":{},"s":{"0":1,"1":56,"2":56,"3":56,"4":1},"f":{"0":56},"b":{},"_coverageSchema":"332fd63041d2c1bcb487cc26dd0d5f7d97098a6c","hash":"87d4c5e22bd6dfbf3b74e0383967bb8a84c90f5d"}
,"/Users/ranjayzheng/Desktop/mobile-events/test/tools/touch.js": {"path":"/Users/ranjayzheng/Desktop/mobile-events/test/tools/touch.js","statementMap":{"0":{"start":{"line":12,"column":4},"end":{"line":15,"column":6}},"1":{"start":{"line":24,"column":4},"end":{"line":26,"column":5}},"2":{"start":{"line":25,"column":6},"end":{"line":25,"column":55}},"3":{"start":{"line":27,"column":4},"end":{"line":27,"column":36}},"4":{"start":{"line":28,"column":4},"end":{"line":28,"column":22}},"5":{"start":{"line":32,"column":0},"end":{"line":32,"column":28}}},"fnMap":{"0":{"name":"(anonymous_0)","decl":{"start":{"line":11,"column":2},"end":{"line":11,"column":3}},"loc":{"start":{"line":11,"column":25},"end":{"line":16,"column":3}},"line":11},"1":{"name":"(anonymous_1)","decl":{"start":{"line":23,"column":2},"end":{"line":23,"column":3}},"loc":{"start":{"line":23,"column":41},"end":{"line":29,"column":3}},"line":23}},"branchMap":{"0":{"loc":{"start":{"line":24,"column":4},"end":{"line":26,"column":5}},"type":"if","locations":[{"start":{"line":24,"column":4},"end":{"line":26,"column":5}},{"start":{"line":24,"column":4},"end":{"line":26,"column":5}}],"line":24}},"s":{"0":107,"1":110,"2":82,"3":110,"4":110,"5":1},"f":{"0":107,"1":110},"b":{"0":[82,28]},"_coverageSchema":"332fd63041d2c1bcb487cc26dd0d5f7d97098a6c","hash":"d1d56a59adddcd0281f387c2409b01cabf230180"}
}
