{"F:\\workspaces\\mobile-events\\lib\\events.js": {"path":"F:\\workspaces\\mobile-events\\lib\\events.js","statementMap":{"0":{"start":{"line":18,"column":4},"end":{"line":18,"column":36}},"1":{"start":{"line":18,"column":25},"end":{"line":18,"column":36}},"2":{"start":{"line":19,"column":28},"end":{"line":19,"column":78}},"3":{"start":{"line":20,"column":4},"end":{"line":26,"column":5}},"4":{"start":{"line":21,"column":6},"end":{"line":25,"column":7}},"5":{"start":{"line":22,"column":8},"end":{"line":22,"column":21}},"6":{"start":{"line":24,"column":8},"end":{"line":24,"column":34}},"7":{"start":{"line":27,"column":4},"end":{"line":27,"column":15}},"8":{"start":{"line":33,"column":26},"end":{"line":33,"column":34}},"9":{"start":{"line":34,"column":27},"end":{"line":34,"column":31}},"10":{"start":{"line":35,"column":16},"end":{"line":35,"column":20}},"11":{"start":{"line":36,"column":4},"end":{"line":39,"column":5}},"12":{"start":{"line":37,"column":6},"end":{"line":37,"column":35}},"13":{"start":{"line":38,"column":6},"end":{"line":38,"column":36}},"14":{"start":{"line":40,"column":4},"end":{"line":49,"column":6}},"15":{"start":{"line":41,"column":6},"end":{"line":41,"column":24}},"16":{"start":{"line":42,"column":21},"end":{"line":42,"column":78}},"17":{"start":{"line":43,"column":6},"end":{"line":48,"column":7}},"18":{"start":{"line":44,"column":8},"end":{"line":47,"column":16}},"19":{"start":{"line":45,"column":10},"end":{"line":45,"column":29}},"20":{"start":{"line":46,"column":10},"end":{"line":46,"column":22}},"21":{"start":{"line":50,"column":4},"end":{"line":67,"column":6}},"22":{"start":{"line":51,"column":6},"end":{"line":51,"column":24}},"23":{"start":{"line":52,"column":6},"end":{"line":52,"column":25}},"24":{"start":{"line":53,"column":21},"end":{"line":57,"column":7}},"25":{"start":{"line":58,"column":6},"end":{"line":66,"column":15}},"26":{"start":{"line":59,"column":8},"end":{"line":63,"column":9}},"27":{"start":{"line":60,"column":10},"end":{"line":60,"column":49}},"28":{"start":{"line":62,"column":10},"end":{"line":62,"column":28}},"29":{"start":{"line":64,"column":8},"end":{"line":64,"column":27}},"30":{"start":{"line":65,"column":8},"end":{"line":65,"column":20}},"31":{"start":{"line":73,"column":19},"end":{"line":73,"column":22}},"32":{"start":{"line":74,"column":19},"end":{"line":74,"column":22}},"33":{"start":{"line":75,"column":16},"end":{"line":75,"column":20}},"34":{"start":{"line":78,"column":4},"end":{"line":102,"column":6}},"35":{"start":{"line":79,"column":21},"end":{"line":79,"column":78}},"36":{"start":{"line":80,"column":6},"end":{"line":101,"column":7}},"37":{"start":{"line":81,"column":8},"end":{"line":100,"column":9}},"38":{"start":{"line":82,"column":10},"end":{"line":82,"column":29}},"39":{"start":{"line":83,"column":10},"end":{"line":83,"column":22}},"40":{"start":{"line":84,"column":30},"end":{"line":84,"column":57}},"41":{"start":{"line":85,"column":30},"end":{"line":85,"column":57}},"42":{"start":{"line":86,"column":20},"end":{"line":86,"column":55}},"43":{"start":{"line":87,"column":20},"end":{"line":87,"column":55}},"44":{"start":{"line":88,"column":10},"end":{"line":99,"column":11}},"45":{"start":{"line":89,"column":12},"end":{"line":89,"column":23}},"46":{"start":{"line":91,"column":12},"end":{"line":91,"column":53}},"47":{"start":{"line":92,"column":12},"end":{"line":92,"column":53}},"48":{"start":{"line":93,"column":12},"end":{"line":98,"column":19}},"49":{"start":{"line":94,"column":14},"end":{"line":94,"column":32}},"50":{"start":{"line":95,"column":14},"end":{"line":95,"column":32}},"51":{"start":{"line":96,"column":14},"end":{"line":96,"column":33}},"52":{"start":{"line":97,"column":14},"end":{"line":97,"column":26}},"53":{"start":{"line":114,"column":0},"end":{"line":114,"column":29}}},"fnMap":{"0":{"name":"(anonymous_0)","decl":{"start":{"line":17,"column":2},"end":{"line":17,"column":3}},"loc":{"start":{"line":17,"column":54},"end":{"line":28,"column":3}},"line":17},"1":{"name":"(anonymous_1)","decl":{"start":{"line":32,"column":2},"end":{"line":32,"column":3}},"loc":{"start":{"line":32,"column":49},"end":{"line":68,"column":3}},"line":32},"2":{"name":"(anonymous_2)","decl":{"start":{"line":40,"column":46},"end":{"line":40,"column":47}},"loc":{"start":{"line":40,"column":51},"end":{"line":49,"column":5}},"line":40},"3":{"name":"(anonymous_3)","decl":{"start":{"line":44,"column":27},"end":{"line":44,"column":28}},"loc":{"start":{"line":44,"column":33},"end":{"line":47,"column":9}},"line":44},"4":{"name":"(anonymous_4)","decl":{"start":{"line":50,"column":44},"end":{"line":50,"column":45}},"loc":{"start":{"line":50,"column":49},"end":{"line":67,"column":5}},"line":50},"5":{"name":"(anonymous_5)","decl":{"start":{"line":72,"column":2},"end":{"line":72,"column":3}},"loc":{"start":{"line":72,"column":47},"end":{"line":103,"column":3}},"line":72},"6":{"name":"(anonymous_6)","decl":{"start":{"line":78,"column":44},"end":{"line":78,"column":45}},"loc":{"start":{"line":78,"column":49},"end":{"line":102,"column":5}},"line":78},"7":{"name":"(anonymous_7)","decl":{"start":{"line":93,"column":31},"end":{"line":93,"column":32}},"loc":{"start":{"line":93,"column":37},"end":{"line":98,"column":13}},"line":93},"8":{"name":"(anonymous_8)","decl":{"start":{"line":104,"column":2},"end":{"line":104,"column":3}},"loc":{"start":{"line":104,"column":12},"end":{"line":104,"column":14}},"line":104},"9":{"name":"(anonymous_9)","decl":{"start":{"line":105,"column":2},"end":{"line":105,"column":3}},"loc":{"start":{"line":105,"column":14},"end":{"line":105,"column":16}},"line":105},"10":{"name":"(anonymous_10)","decl":{"start":{"line":106,"column":2},"end":{"line":106,"column":3}},"loc":{"start":{"line":106,"column":14},"end":{"line":106,"column":16}},"line":106},"11":{"name":"(anonymous_11)","decl":{"start":{"line":107,"column":2},"end":{"line":107,"column":3}},"loc":{"start":{"line":107,"column":15},"end":{"line":107,"column":17}},"line":107},"12":{"name":"(anonymous_12)","decl":{"start":{"line":108,"column":2},"end":{"line":108,"column":3}},"loc":{"start":{"line":108,"column":13},"end":{"line":108,"column":15}},"line":108},"13":{"name":"(anonymous_13)","decl":{"start":{"line":109,"column":2},"end":{"line":109,"column":3}},"loc":{"start":{"line":109,"column":15},"end":{"line":109,"column":17}},"line":109},"14":{"name":"(anonymous_14)","decl":{"start":{"line":110,"column":2},"end":{"line":110,"column":3}},"loc":{"start":{"line":110,"column":15},"end":{"line":110,"column":17}},"line":110},"15":{"name":"(anonymous_15)","decl":{"start":{"line":111,"column":2},"end":{"line":111,"column":3}},"loc":{"start":{"line":111,"column":16},"end":{"line":111,"column":18}},"line":111}},"branchMap":{"0":{"loc":{"start":{"line":18,"column":4},"end":{"line":18,"column":36}},"type":"if","locations":[{"start":{"line":18,"column":4},"end":{"line":18,"column":36}},{"start":{"line":18,"column":4},"end":{"line":18,"column":36}}],"line":18},"1":{"loc":{"start":{"line":21,"column":6},"end":{"line":25,"column":7}},"type":"if","locations":[{"start":{"line":21,"column":6},"end":{"line":25,"column":7}},{"start":{"line":21,"column":6},"end":{"line":25,"column":7}}],"line":21},"2":{"loc":{"start":{"line":36,"column":4},"end":{"line":39,"column":5}},"type":"if","locations":[{"start":{"line":36,"column":4},"end":{"line":39,"column":5}},{"start":{"line":36,"column":4},"end":{"line":39,"column":5}}],"line":36},"3":{"loc":{"start":{"line":43,"column":6},"end":{"line":48,"column":7}},"type":"if","locations":[{"start":{"line":43,"column":6},"end":{"line":48,"column":7}},{"start":{"line":43,"column":6},"end":{"line":48,"column":7}}],"line":43},"4":{"loc":{"start":{"line":43,"column":10},"end":{"line":43,"column":55}},"type":"binary-expr","locations":[{"start":{"line":43,"column":11},"end":{"line":43,"column":25}},{"start":{"line":43,"column":29},"end":{"line":43,"column":35}},{"start":{"line":43,"column":40},"end":{"line":43,"column":55}}],"line":43},"5":{"loc":{"start":{"line":58,"column":6},"end":{"line":66,"column":15}},"type":"if","locations":[{"start":{"line":58,"column":6},"end":{"line":66,"column":15}},{"start":{"line":58,"column":6},"end":{"line":66,"column":15}}],"line":58},"6":{"loc":{"start":{"line":58,"column":10},"end":{"line":58,"column":55}},"type":"binary-expr","locations":[{"start":{"line":58,"column":11},"end":{"line":58,"column":25}},{"start":{"line":58,"column":29},"end":{"line":58,"column":35}},{"start":{"line":58,"column":40},"end":{"line":58,"column":55}}],"line":58},"7":{"loc":{"start":{"line":59,"column":8},"end":{"line":63,"column":9}},"type":"if","locations":[{"start":{"line":59,"column":8},"end":{"line":63,"column":9}},{"start":{"line":59,"column":8},"end":{"line":63,"column":9}}],"line":59},"8":{"loc":{"start":{"line":60,"column":10},"end":{"line":60,"column":49}},"type":"binary-expr","locations":[{"start":{"line":60,"column":10},"end":{"line":60,"column":26}},{"start":{"line":60,"column":30},"end":{"line":60,"column":49}}],"line":60},"9":{"loc":{"start":{"line":80,"column":6},"end":{"line":101,"column":7}},"type":"if","locations":[{"start":{"line":80,"column":6},"end":{"line":101,"column":7}},{"start":{"line":80,"column":6},"end":{"line":101,"column":7}}],"line":80},"10":{"loc":{"start":{"line":80,"column":10},"end":{"line":80,"column":55}},"type":"binary-expr","locations":[{"start":{"line":80,"column":11},"end":{"line":80,"column":25}},{"start":{"line":80,"column":29},"end":{"line":80,"column":35}},{"start":{"line":80,"column":40},"end":{"line":80,"column":55}}],"line":80},"11":{"loc":{"start":{"line":81,"column":8},"end":{"line":100,"column":9}},"type":"if","locations":[{"start":{"line":81,"column":8},"end":{"line":100,"column":9}},{"start":{"line":81,"column":8},"end":{"line":100,"column":9}}],"line":81},"12":{"loc":{"start":{"line":88,"column":10},"end":{"line":99,"column":11}},"type":"if","locations":[{"start":{"line":88,"column":10},"end":{"line":99,"column":11}},{"start":{"line":88,"column":10},"end":{"line":99,"column":11}}],"line":88},"13":{"loc":{"start":{"line":88,"column":14},"end":{"line":88,"column":40}},"type":"binary-expr","locations":[{"start":{"line":88,"column":14},"end":{"line":88,"column":25}},{"start":{"line":88,"column":29},"end":{"line":88,"column":40}}],"line":88}},"s":{"0":11,"1":3,"2":8,"3":8,"4":8,"5":4,"6":4,"7":4,"8":0,"9":0,"10":0,"11":0,"12":0,"13":0,"14":0,"15":0,"16":0,"17":0,"18":0,"19":0,"20":0,"21":0,"22":0,"23":0,"24":0,"25":0,"26":0,"27":0,"28":0,"29":0,"30":0,"31":0,"32":0,"33":0,"34":0,"35":0,"36":0,"37":0,"38":0,"39":0,"40":0,"41":0,"42":0,"43":0,"44":0,"45":0,"46":0,"47":0,"48":0,"49":0,"50":0,"51":0,"52":0,"53":1},"f":{"0":11,"1":0,"2":0,"3":0,"4":0,"5":0,"6":0,"7":0,"8":0,"9":0,"10":0,"11":0,"12":0,"13":0,"14":0,"15":0},"b":{"0":[3,8],"1":[4,4],"2":[0,0],"3":[0,0],"4":[0,0,0],"5":[0,0],"6":[0,0,0],"7":[0,0],"8":[0,0],"9":[0,0],"10":[0,0,0],"11":[0,0],"12":[0,0],"13":[0,0]},"_coverageSchema":"332fd63041d2c1bcb487cc26dd0d5f7d97098a6c","hash":"2540d807eaed5505793772e09b56f4bac2ed148e"}
,"F:\\workspaces\\mobile-events\\lib\\index-npm.js": {"path":"F:\\workspaces\\mobile-events\\lib\\index-npm.js","statementMap":{"0":{"start":{"line":3,"column":15},"end":{"line":3,"column":37}},"1":{"start":{"line":40,"column":4},"end":{"line":46,"column":5}},"2":{"start":{"line":41,"column":6},"end":{"line":41,"column":72}},"3":{"start":{"line":42,"column":11},"end":{"line":46,"column":5}},"4":{"start":{"line":43,"column":6},"end":{"line":43,"column":68}},"5":{"start":{"line":44,"column":11},"end":{"line":46,"column":5}},"6":{"start":{"line":45,"column":6},"end":{"line":45,"column":68}},"7":{"start":{"line":47,"column":4},"end":{"line":49,"column":5}},"8":{"start":{"line":48,"column":6},"end":{"line":48,"column":54}},"9":{"start":{"line":50,"column":20},"end":{"line":52,"column":5}},"10":{"start":{"line":53,"column":4},"end":{"line":66,"column":5}},"11":{"start":{"line":54,"column":6},"end":{"line":63,"column":9}},"12":{"start":{"line":55,"column":23},"end":{"line":59,"column":9}},"13":{"start":{"line":60,"column":8},"end":{"line":62,"column":9}},"14":{"start":{"line":61,"column":10},"end":{"line":61,"column":22}},"15":{"start":{"line":65,"column":6},"end":{"line":65,"column":58}},"16":{"start":{"line":67,"column":4},"end":{"line":67,"column":21}},"17":{"start":{"line":77,"column":4},"end":{"line":84,"column":7}},"18":{"start":{"line":78,"column":6},"end":{"line":83,"column":8}},"19":{"start":{"line":85,"column":4},"end":{"line":85,"column":21}},"20":{"start":{"line":89,"column":15},"end":{"line":89,"column":29}},"21":{"start":{"line":90,"column":26},"end":{"line":90,"column":59}},"22":{"start":{"line":91,"column":20},"end":{"line":91,"column":48}},"23":{"start":{"line":92,"column":0},"end":{"line":92,"column":54}},"24":{"start":{"line":95,"column":2},"end":{"line":95,"column":31}}},"fnMap":{"0":{"name":"(anonymous_0)","decl":{"start":{"line":38,"column":2},"end":{"line":38,"column":3}},"loc":{"start":{"line":38,"column":53},"end":{"line":68,"column":3}},"line":38},"1":{"name":"(anonymous_1)","decl":{"start":{"line":54,"column":41},"end":{"line":54,"column":42}},"loc":{"start":{"line":54,"column":46},"end":{"line":63,"column":7}},"line":54},"2":{"name":"(anonymous_2)","decl":{"start":{"line":76,"column":2},"end":{"line":76,"column":3}},"loc":{"start":{"line":76,"column":57},"end":{"line":86,"column":3}},"line":76},"3":{"name":"(anonymous_3)","decl":{"start":{"line":77,"column":33},"end":{"line":77,"column":34}},"loc":{"start":{"line":77,"column":51},"end":{"line":84,"column":5}},"line":77}},"branchMap":{"0":{"loc":{"start":{"line":40,"column":4},"end":{"line":46,"column":5}},"type":"if","locations":[{"start":{"line":40,"column":4},"end":{"line":46,"column":5}},{"start":{"line":40,"column":4},"end":{"line":46,"column":5}}],"line":40},"1":{"loc":{"start":{"line":42,"column":11},"end":{"line":46,"column":5}},"type":"if","locations":[{"start":{"line":42,"column":11},"end":{"line":46,"column":5}},{"start":{"line":42,"column":11},"end":{"line":46,"column":5}}],"line":42},"2":{"loc":{"start":{"line":42,"column":15},"end":{"line":42,"column":69}},"type":"binary-expr","locations":[{"start":{"line":42,"column":15},"end":{"line":42,"column":40}},{"start":{"line":42,"column":44},"end":{"line":42,"column":69}}],"line":42},"3":{"loc":{"start":{"line":44,"column":11},"end":{"line":46,"column":5}},"type":"if","locations":[{"start":{"line":44,"column":11},"end":{"line":46,"column":5}},{"start":{"line":44,"column":11},"end":{"line":46,"column":5}}],"line":44},"4":{"loc":{"start":{"line":47,"column":4},"end":{"line":49,"column":5}},"type":"if","locations":[{"start":{"line":47,"column":4},"end":{"line":49,"column":5}},{"start":{"line":47,"column":4},"end":{"line":49,"column":5}}],"line":47},"5":{"loc":{"start":{"line":53,"column":4},"end":{"line":66,"column":5}},"type":"if","locations":[{"start":{"line":53,"column":4},"end":{"line":66,"column":5}},{"start":{"line":53,"column":4},"end":{"line":66,"column":5}}],"line":53},"6":{"loc":{"start":{"line":60,"column":8},"end":{"line":62,"column":9}},"type":"if","locations":[{"start":{"line":60,"column":8},"end":{"line":62,"column":9}},{"start":{"line":60,"column":8},"end":{"line":62,"column":9}}],"line":60},"7":{"loc":{"start":{"line":60,"column":12},"end":{"line":60,"column":57}},"type":"binary-expr","locations":[{"start":{"line":60,"column":13},"end":{"line":60,"column":27}},{"start":{"line":60,"column":31},"end":{"line":60,"column":37}},{"start":{"line":60,"column":42},"end":{"line":60,"column":57}}],"line":60}},"s":{"0":1,"1":9,"2":1,"3":8,"4":1,"5":7,"6":2,"7":5,"8":1,"9":5,"10":5,"11":5,"12":11,"13":11,"14":7,"15":0,"16":5,"17":2,"18":2,"19":2,"20":1,"21":1,"22":1,"23":1,"24":1},"f":{"0":9,"1":11,"2":2,"3":2},"b":{"0":[1,8],"1":[1,7],"2":[8,8],"3":[2,5],"4":[1,4],"5":[5,0],"6":[7,4],"7":[11,8,7]},"_coverageSchema":"332fd63041d2c1bcb487cc26dd0d5f7d97098a6c","hash":"9ffc1e7b5f38f167c9e26da4ad280dc6fe016dc7"}
,"F:\\workspaces\\mobile-events\\lib\\touch.js": {"path":"F:\\workspaces\\mobile-events\\lib\\touch.js","statementMap":{"0":{"start":{"line":12,"column":4},"end":{"line":15,"column":6}},"1":{"start":{"line":24,"column":4},"end":{"line":26,"column":5}},"2":{"start":{"line":25,"column":6},"end":{"line":25,"column":55}},"3":{"start":{"line":27,"column":4},"end":{"line":27,"column":36}},"4":{"start":{"line":28,"column":4},"end":{"line":28,"column":22}},"5":{"start":{"line":32,"column":0},"end":{"line":32,"column":28}}},"fnMap":{"0":{"name":"(anonymous_0)","decl":{"start":{"line":11,"column":2},"end":{"line":11,"column":3}},"loc":{"start":{"line":11,"column":26},"end":{"line":16,"column":3}},"line":11},"1":{"name":"(anonymous_1)","decl":{"start":{"line":23,"column":2},"end":{"line":23,"column":3}},"loc":{"start":{"line":23,"column":42},"end":{"line":29,"column":3}},"line":23}},"branchMap":{"0":{"loc":{"start":{"line":24,"column":4},"end":{"line":26,"column":5}},"type":"if","locations":[{"start":{"line":24,"column":4},"end":{"line":26,"column":5}},{"start":{"line":24,"column":4},"end":{"line":26,"column":5}}],"line":24}},"s":{"0":0,"1":0,"2":0,"3":0,"4":0,"5":1},"f":{"0":0,"1":0},"b":{"0":[0,0]},"_coverageSchema":"332fd63041d2c1bcb487cc26dd0d5f7d97098a6c","hash":"58da06c89608d45bf8ce820a28870f50e792ab53"}
}
