TN:
SF:F:\workspaces\mobile-events\lib\events.js
FN:17,(anonymous_0)
FN:32,(anonymous_1)
FN:40,(anonymous_2)
FN:44,(anonymous_3)
FN:50,(anonymous_4)
FN:66,(anonymous_5)
FN:72,(anonymous_6)
FN:88,(anonymous_7)
FN:98,(anonymous_8)
FN:99,(anonymous_9)
FN:100,(anonymous_10)
FN:101,(anonymous_11)
FN:102,(anonymous_12)
FN:103,(anonymous_13)
FN:104,(anonymous_14)
FN:105,(anonymous_15)
FNF:16
FNH:5
FNDA:35,(anonymous_0)
FNDA:4,(anonymous_1)
FNDA:12,(anonymous_2)
FNDA:4,(anonymous_3)
FNDA:12,(anonymous_4)
FNDA:0,(anonymous_5)
FNDA:0,(anonymous_6)
FNDA:0,(anonymous_7)
FNDA:0,(anonymous_8)
FNDA:0,(anonymous_9)
FNDA:0,(anonymous_10)
FNDA:0,(anonymous_11)
FNDA:0,(anonymous_12)
FNDA:0,(anonymous_13)
FNDA:0,(anonymous_14)
FNDA:0,(anonymous_15)
DA:18,35
DA:19,24
DA:20,24
DA:21,24
DA:22,12
DA:24,12
DA:27,12
DA:33,4
DA:34,4
DA:35,4
DA:36,4
DA:37,3
DA:38,3
DA:40,4
DA:41,12
DA:42,12
DA:43,12
DA:44,8
DA:45,4
DA:46,4
DA:50,4
DA:51,12
DA:52,12
DA:53,8
DA:54,4
DA:56,4
DA:58,8
DA:59,8
DA:67,0
DA:68,0
DA:69,0
DA:72,0
DA:73,0
DA:74,0
DA:75,0
DA:76,0
DA:77,0
DA:78,0
DA:79,0
DA:80,0
DA:81,0
DA:82,0
DA:83,0
DA:86,0
DA:87,0
DA:88,0
DA:89,0
DA:90,0
DA:91,0
DA:92,0
DA:108,1
LF:51
LH:29
BRDA:18,0,0,11
BRDA:18,0,1,24
BRDA:21,1,0,12
BRDA:21,1,1,12
BRDA:36,2,0,3
BRDA:36,2,1,1
BRDA:43,3,0,8
BRDA:43,3,1,4
BRDA:43,4,0,12
BRDA:43,4,1,8
BRDA:43,4,2,8
BRDA:52,5,0,8
BRDA:52,5,1,4
BRDA:52,6,0,12
BRDA:52,6,1,8
BRDA:52,6,2,8
BRDA:53,7,0,4
BRDA:53,7,1,4
BRDA:54,8,0,4
BRDA:54,8,1,3
BRDA:74,9,0,0
BRDA:74,9,1,0
BRDA:74,10,0,0
BRDA:74,10,1,0
BRDA:74,10,2,0
BRDA:75,11,0,0
BRDA:75,11,1,0
BRDA:82,12,0,0
BRDA:82,12,1,0
BRDA:82,13,0,0
BRDA:82,13,1,0
BRF:31
BRH:20
end_of_record
TN:
SF:F:\workspaces\mobile-events\lib\index-npm.js
FN:38,(anonymous_0)
FN:55,(anonymous_1)
FN:77,(anonymous_2)
FN:78,(anonymous_3)
FNF:4
FNH:4
FNDA:15,(anonymous_0)
FNDA:11,(anonymous_1)
FNDA:2,(anonymous_2)
FNDA:2,(anonymous_3)
DA:3,1
DA:41,15
DA:42,1
DA:43,14
DA:44,1
DA:45,13
DA:46,4
DA:48,9
DA:49,1
DA:51,9
DA:54,9
DA:55,5
DA:56,11
DA:61,11
DA:62,7
DA:66,4
DA:68,9
DA:78,2
DA:79,2
DA:86,2
DA:90,1
DA:91,1
DA:92,1
DA:93,1
DA:96,1
LF:25
LH:25
BRDA:41,0,0,1
BRDA:41,0,1,14
BRDA:43,1,0,1
BRDA:43,1,1,13
BRDA:43,2,0,14
BRDA:43,2,1,13
BRDA:45,3,0,4
BRDA:45,3,1,9
BRDA:45,4,0,13
BRDA:45,4,1,10
BRDA:48,5,0,1
BRDA:48,5,1,8
BRDA:54,6,0,5
BRDA:54,6,1,4
BRDA:61,7,0,7
BRDA:61,7,1,4
BRDA:61,8,0,11
BRDA:61,8,1,8
BRDA:61,8,2,7
BRF:19
BRH:19
end_of_record
TN:
SF:F:\workspaces\mobile-events\lib\touch.js
FN:11,(anonymous_0)
FN:23,(anonymous_1)
FNF:2
FNH:2
FNDA:24,(anonymous_0)
FNDA:24,(anonymous_1)
DA:12,24
DA:24,24
DA:25,6
DA:27,24
DA:28,24
DA:32,1
LF:6
LH:6
BRDA:24,0,0,6
BRDA:24,0,1,18
BRF:2
BRH:2
end_of_record
