TN:
SF:F:\workspaces\mobile-events\core\touch.js
FN:11,(anonymous_0)
FN:23,(anonymous_1)
FNF:2
FNH:2
FNDA:56,(anonymous_0)
FNDA:56,(anonymous_1)
DA:12,56
DA:24,56
DA:25,36
DA:27,56
DA:28,56
DA:32,1
LF:6
LH:6
BRDA:24,0,0,36
BRDA:24,0,1,20
BRF:2
BRH:2
end_of_record
TN:
SF:F:\workspaces\mobile-events\lib\events.js
FN:10,(anonymous_0)
FN:16,(anonymous_1)
FN:19,(anonymous_2)
FN:27,(anonymous_3)
FN:33,(anonymous_4)
FN:68,(anonymous_5)
FN:78,(anonymous_6)
FN:80,(anonymous_7)
FN:103,(anonymous_8)
FN:124,(anonymous_9)
FN:137,(anonymous_10)
FNF:11
FNH:11
FNDA:1,(anonymous_0)
FNDA:5,(anonymous_1)
FNDA:12,(anonymous_2)
FNDA:4,(anonymous_3)
FNDA:12,(anonymous_4)
FNDA:2,(anonymous_5)
FNDA:5,(anonymous_6)
FNDA:13,(anonymous_7)
FNDA:1,(anonymous_8)
FNDA:1,(anonymous_9)
FNDA:48,(anonymous_10)
DA:14,1
DA:18,5
DA:20,12
DA:21,12
DA:26,12
DA:27,8
DA:28,4
DA:29,4
DA:34,12
DA:39,12
DA:40,8
DA:41,4
DA:43,4
DA:45,8
DA:46,8
DA:50,5
DA:51,5
DA:52,5
DA:53,5
DA:54,3
DA:55,3
DA:57,5
DA:61,5
DA:68,1
DA:69,2
DA:76,1
DA:79,5
DA:81,13
DA:86,13
DA:87,9
DA:88,4
DA:89,4
DA:90,4
DA:91,4
DA:92,4
DA:93,4
DA:94,4
DA:95,3
DA:96,3
DA:98,1
DA:101,5
DA:102,5
DA:103,5
DA:104,1
DA:105,1
DA:106,1
DA:107,1
DA:113,5
DA:114,5
DA:115,5
DA:118,5
DA:124,1
DA:125,1
DA:138,48
DA:139,32
DA:140,32
DA:141,32
DA:142,16
DA:144,16
DA:147,16
DA:151,1
LF:61
LH:61
BRDA:26,0,0,8
BRDA:26,0,1,4
BRDA:26,1,0,12
BRDA:26,1,1,8
BRDA:26,1,2,8
BRDA:39,2,0,8
BRDA:39,2,1,4
BRDA:39,3,0,12
BRDA:39,3,1,8
BRDA:39,3,2,8
BRDA:40,4,0,4
BRDA:40,4,1,4
BRDA:41,5,0,4
BRDA:41,5,1,3
BRDA:53,6,0,3
BRDA:53,6,1,2
BRDA:86,7,0,9
BRDA:86,7,1,4
BRDA:86,8,0,13
BRDA:86,8,1,8
BRDA:86,8,2,9
BRDA:87,9,0,4
BRDA:87,9,1,5
BRDA:94,10,0,3
BRDA:94,10,1,1
BRDA:94,11,0,4
BRDA:94,11,1,3
BRDA:106,12,0,1
BRDA:106,12,1,1
BRDA:138,13,0,16
BRDA:138,13,1,32
BRDA:141,14,0,16
BRDA:141,14,1,16
BRF:33
BRH:33
end_of_record
TN:
SF:F:\workspaces\mobile-events\lib\index-npm.js
FN:10,(anonymous_0)
FN:41,(anonymous_1)
FN:45,(anonymous_2)
FN:50,(anonymous_3)
FN:58,(anonymous_4)
FN:86,(anonymous_5)
FN:89,(anonymous_6)
FN:105,(anonymous_7)
FN:106,(anonymous_8)
FN:115,(anonymous_9)
FN:131,(anonymous_10)
FNF:11
FNH:11
FNDA:1,(anonymous_0)
FNDA:30,(anonymous_1)
FNDA:2,(anonymous_2)
FNDA:1,(anonymous_3)
FNDA:11,(anonymous_4)
FNDA:5,(anonymous_5)
FNDA:1,(anonymous_6)
FNDA:4,(anonymous_7)
FNDA:4,(anonymous_8)
FNDA:23,(anonymous_9)
FNDA:22,(anonymous_10)
DA:3,1
DA:11,1
DA:44,30
DA:45,2
DA:46,2
DA:48,2
DA:49,28
DA:50,1
DA:51,1
DA:53,1
DA:54,27
DA:55,10
DA:57,17
DA:58,17
DA:59,11
DA:64,11
DA:65,7
DA:68,17
DA:69,17
DA:70,7
DA:72,10
DA:74,17
DA:87,5
DA:88,5
DA:89,1
DA:90,1
DA:93,5
DA:94,3
DA:96,2
DA:98,5
DA:106,4
DA:107,4
DA:116,23
DA:117,4
DA:118,4
DA:119,1
DA:124,22
DA:132,22
DA:133,22
DA:137,1
DA:138,1
DA:139,1
DA:140,1
DA:141,1
DA:144,1
LF:45
LH:45
BRDA:44,0,0,2
BRDA:44,0,1,28
BRDA:49,1,0,1
BRDA:49,1,1,27
BRDA:49,2,0,28
BRDA:49,2,1,27
BRDA:54,3,0,10
BRDA:54,3,1,17
BRDA:54,4,0,27
BRDA:54,4,1,18
BRDA:64,5,0,7
BRDA:64,5,1,4
BRDA:64,6,0,11
BRDA:64,6,1,8
BRDA:64,6,2,7
BRDA:69,7,0,7
BRDA:69,7,1,10
BRDA:88,8,0,1
BRDA:88,8,1,4
BRDA:93,9,0,3
BRDA:93,9,1,2
BRDA:116,10,0,4
BRDA:116,10,1,19
BRDA:118,11,0,1
BRDA:118,11,1,3
BRF:25
BRH:25
end_of_record
