TN:
SF:/Users/ranjayzheng/Desktop/mobile-events/lib/events.js
FN:5,getVectorLength
FN:14,_arrangeCallbackArr
FN:64,(anonymous_2)
FN:69,(anonymous_3)
FN:73,(anonymous_4)
FN:76,(anonymous_5)
FN:80,(anonymous_6)
FN:96,(anonymous_7)
FN:105,(anonymous_8)
FN:109,(anonymous_9)
FN:124,(anonymous_10)
FN:128,(anonymous_11)
FN:139,(anonymous_12)
FN:148,(anonymous_13)
FN:151,(anonymous_14)
FN:157,(anonymous_15)
FN:167,(anonymous_16)
FN:170,(anonymous_17)
FN:187,(anonymous_18)
FN:191,(anonymous_19)
FN:197,(anonymous_20)
FN:210,(anonymous_21)
FN:217,(anonymous_22)
FN:221,(anonymous_23)
FN:226,(anonymous_24)
FN:266,(anonymous_25)
FNF:26
FNH:24
FNDA:6,getVectorLength
FNDA:10,_arrangeCallbackArr
FNDA:1,(anonymous_2)
FNDA:5,(anonymous_3)
FNDA:5,(anonymous_4)
FNDA:1,(anonymous_5)
FNDA:5,(anonymous_6)
FNDA:5,(anonymous_7)
FNDA:8,(anonymous_8)
FNDA:8,(anonymous_9)
FNDA:5,(anonymous_10)
FNDA:9,(anonymous_11)
FNDA:1,(anonymous_12)
FNDA:6,(anonymous_13)
FNDA:6,(anonymous_14)
FNDA:6,(anonymous_15)
FNDA:6,(anonymous_16)
FNDA:6,(anonymous_17)
FNDA:1,(anonymous_18)
FNDA:2,(anonymous_19)
FNDA:1,(anonymous_20)
FNDA:0,(anonymous_21)
FNDA:2,(anonymous_22)
FNDA:4,(anonymous_23)
FNDA:2,(anonymous_24)
FNDA:0,(anonymous_25)
DA:1,1
DA:2,1
DA:3,1
DA:6,6
DA:18,10
DA:19,10
DA:20,10
DA:22,10
DA:24,2
DA:25,2
DA:27,2
DA:28,2
DA:29,2
DA:31,2
DA:32,2
DA:33,2
DA:34,2
DA:36,4
DA:37,4
DA:38,4
DA:39,4
DA:41,10
DA:42,4
DA:44,6
DA:46,10
DA:47,4
DA:49,6
DA:51,10
DA:52,10
DA:68,1
DA:70,5
DA:71,5
DA:72,5
DA:74,5
DA:75,5
DA:76,5
DA:77,1
DA:81,5
DA:82,4
DA:83,3
DA:84,3
DA:87,5
DA:95,1
DA:97,5
DA:98,5
DA:99,5
DA:100,5
DA:101,3
DA:102,3
DA:104,5
DA:106,8
DA:107,8
DA:110,8
DA:111,4
DA:113,4
DA:115,8
DA:123,1
DA:125,5
DA:126,5
DA:127,5
DA:129,9
DA:130,4
DA:131,4
DA:132,3
DA:133,3
DA:135,1
DA:138,5
DA:139,5
DA:140,1
DA:147,1
DA:149,6
DA:150,6
DA:152,6
DA:158,6
DA:159,5
DA:161,1
DA:166,1
DA:168,6
DA:169,6
DA:171,6
DA:172,6
DA:173,5
DA:178,6
DA:179,5
DA:181,1
DA:186,1
DA:188,1
DA:189,1
DA:190,1
DA:192,2
DA:193,2
DA:194,2
DA:195,1
DA:196,1
DA:197,1
DA:198,1
DA:199,1
DA:202,1
DA:204,1
DA:205,1
DA:211,0
DA:216,1
DA:218,2
DA:219,2
DA:220,2
DA:222,4
DA:223,4
DA:224,2
DA:225,2
DA:226,2
DA:227,2
DA:228,2
DA:229,2
DA:230,2
DA:231,2
DA:232,2
DA:233,2
DA:234,2
DA:235,2
DA:236,2
DA:237,2
DA:239,2
DA:248,2
DA:250,2
DA:253,2
DA:254,1
DA:255,1
DA:256,1
DA:257,1
DA:258,1
DA:260,2
DA:261,2
DA:267,0
DA:275,1
LF:134
LH:132
BRDA:22,0,0,2
BRDA:22,0,1,2
BRDA:22,0,2,2
BRDA:22,0,3,4
BRDA:41,1,0,4
BRDA:41,1,1,6
BRDA:46,2,0,4
BRDA:46,2,1,6
BRDA:81,3,0,4
BRDA:81,3,1,1
BRDA:82,4,0,3
BRDA:82,4,1,1
BRDA:100,5,0,3
BRDA:100,5,1,2
BRDA:110,6,0,4
BRDA:110,6,1,4
BRDA:111,7,0,4
BRDA:111,7,1,3
BRDA:129,8,0,4
BRDA:129,8,1,5
BRDA:131,9,0,3
BRDA:131,9,1,1
BRDA:158,10,0,5
BRDA:158,10,1,1
BRDA:172,11,0,5
BRDA:172,11,1,1
BRDA:178,12,0,5
BRDA:178,12,1,1
BRDA:193,13,0,2
BRDA:193,13,1,0
BRDA:194,14,0,1
BRDA:194,14,1,1
BRDA:196,15,0,1
BRDA:196,15,1,0
BRDA:198,16,0,0
BRDA:198,16,1,1
BRDA:222,17,0,4
BRDA:222,17,1,0
BRDA:223,18,0,2
BRDA:223,18,1,2
BRDA:225,19,0,2
BRDA:225,19,1,0
BRDA:227,20,0,0
BRDA:227,20,1,2
BRDA:253,21,0,1
BRDA:253,21,1,1
BRDA:256,22,0,1
BRDA:256,22,1,0
BRF:48
BRH:41
end_of_record
TN:
SF:/Users/ranjayzheng/Desktop/mobile-events/lib/index-npm.js
FN:12,(anonymous_0)
FN:43,(anonymous_1)
FN:47,(anonymous_2)
FN:52,(anonymous_3)
FN:83,(anonymous_4)
FN:86,(anonymous_5)
FN:105,(anonymous_6)
FN:106,(anonymous_7)
FN:115,(anonymous_8)
FN:131,(anonymous_9)
FN:141,(anonymous_10)
FNF:11
FNH:11
FNDA:1,(anonymous_0)
FNDA:69,(anonymous_1)
FNDA:2,(anonymous_2)
FNDA:1,(anonymous_3)
FNDA:8,(anonymous_4)
FNDA:1,(anonymous_5)
FNDA:4,(anonymous_6)
FNDA:4,(anonymous_7)
FNDA:46,(anonymous_8)
FNDA:45,(anonymous_9)
FNDA:1,(anonymous_10)
DA:3,1
DA:4,1
DA:5,1
DA:13,1
DA:46,69
DA:47,2
DA:48,2
DA:50,2
DA:51,67
DA:52,1
DA:53,1
DA:55,1
DA:56,66
DA:57,29
DA:59,37
DA:60,37
DA:65,37
DA:66,37
DA:67,7
DA:69,30
DA:71,37
DA:84,8
DA:85,8
DA:86,1
DA:87,1
DA:90,8
DA:91,3
DA:96,5
DA:98,8
DA:106,4
DA:107,4
DA:116,46
DA:117,6
DA:118,6
DA:119,1
DA:124,45
DA:132,45
DA:133,45
DA:137,1
DA:138,1
DA:139,1
DA:140,1
DA:141,1
DA:142,1
DA:146,1
LF:45
LH:45
BRDA:46,0,0,2
BRDA:46,0,1,67
BRDA:51,1,0,1
BRDA:51,1,1,66
BRDA:51,2,0,67
BRDA:51,2,1,58
BRDA:56,3,0,29
BRDA:56,3,1,37
BRDA:56,4,0,66
BRDA:56,4,1,46
BRDA:66,5,0,7
BRDA:66,5,1,30
BRDA:85,6,0,1
BRDA:85,6,1,7
BRDA:90,7,0,3
BRDA:90,7,1,5
BRDA:116,8,0,6
BRDA:116,8,1,40
BRDA:118,9,0,1
BRDA:118,9,1,5
BRF:20
BRH:20
end_of_record
TN:
SF:/Users/ranjayzheng/Desktop/mobile-events/lib/tools/position.js
FN:2,(anonymous_0)
FN:6,(anonymous_1)
FN:10,(anonymous_2)
FN:21,(anonymous_3)
FNF:4
FNH:4
FNDA:10,(anonymous_0)
FNDA:10,(anonymous_1)
FNDA:8,(anonymous_2)
FNDA:2,(anonymous_3)
DA:3,10
DA:4,10
DA:7,10
DA:8,10
DA:11,8
DA:12,8
DA:13,8
DA:14,8
DA:15,8
DA:16,6
DA:18,2
DA:22,2
DA:23,2
DA:27,1
LF:14
LH:14
BRDA:15,0,0,6
BRDA:15,0,1,2
BRDA:15,1,0,8
BRDA:15,1,1,6
BRF:4
BRH:4
end_of_record
TN:
SF:/Users/ranjayzheng/Desktop/mobile-events/lib/tools/proxy.js
FN:8,_delegateEvent
FN:29,delegateProxyCreator
FNF:2
FNH:2
FNDA:86,_delegateEvent
FNDA:86,delegateProxyCreator
DA:9,86
DA:10,40
DA:11,40
DA:12,40
DA:13,20
DA:15,20
DA:18,20
DA:30,86
DA:32,86
DA:33,86
DA:34,66
DA:38,86
DA:41,1
LF:13
LH:13
BRDA:9,0,0,46
BRDA:9,0,1,40
BRDA:12,1,0,20
BRDA:12,1,1,20
BRDA:33,2,0,66
BRDA:33,2,1,20
BRDA:33,3,0,86
BRDA:33,3,1,40
BRDA:33,3,2,66
BRF:9
BRH:9
end_of_record
TN:
SF:/Users/ranjayzheng/Desktop/mobile-events/lib/tools/singleevent.js
FN:5,(anonymous_0)
FN:9,(anonymous_1)
FN:11,(anonymous_2)
FN:17,(anonymous_3)
FN:18,(anonymous_4)
FNF:5
FNH:5
FNDA:7,(anonymous_0)
FNDA:30,(anonymous_1)
FNDA:49,(anonymous_2)
FNDA:5,(anonymous_3)
FNDA:8,(anonymous_4)
DA:1,1
DA:2,1
DA:6,7
DA:7,7
DA:10,30
DA:11,30
DA:12,49
DA:13,49
DA:15,30
DA:18,5
DA:19,8
DA:21,5
DA:25,1
LF:13
LH:13
BRF:0
BRH:0
end_of_record
TN:
SF:/Users/ranjayzheng/Desktop/mobile-events/lib/tools/timer.js
FN:2,(anonymous_0)
FN:5,(anonymous_1)
FN:6,(anonymous_2)
FN:12,(anonymous_3)
FNF:4
FNH:4
FNDA:18,(anonymous_0)
FNDA:21,(anonymous_1)
FNDA:9,(anonymous_2)
FNDA:17,(anonymous_3)
DA:3,18
DA:6,21
DA:7,9
DA:8,9
DA:9,9
DA:13,17
DA:14,17
DA:18,1
LF:8
LH:8
BRDA:9,0,0,9
BRDA:9,0,1,5
BRF:2
BRH:2
end_of_record
TN:
SF:/Users/ranjayzheng/Desktop/mobile-events/lib/tools/weakmap.js
FN:8,weakMapBinder
FNF:1
FNH:1
FNDA:56,weakMapBinder
DA:1,1
DA:9,56
DA:10,56
DA:11,56
DA:14,1
LF:5
LH:5
BRF:0
BRH:0
end_of_record
TN:
SF:/Users/ranjayzheng/Desktop/mobile-events/test/tools/touch.js
FN:11,(anonymous_0)
FN:23,(anonymous_1)
FNF:2
FNH:2
FNDA:105,(anonymous_0)
FNDA:108,(anonymous_1)
DA:12,105
DA:24,108
DA:25,82
DA:27,108
DA:28,108
DA:32,1
LF:6
LH:6
BRDA:24,0,0,82
BRDA:24,0,1,26
BRF:2
BRH:2
end_of_record
